This is pdfTeX, Version 3.14159265-2.6-1.40.21 (MiKTeX 2.9.7440 64-bit) (preloaded format=pdflatex 2020.5.31)  23 JUN 2020 10:04
entering extended mode
**C:/Users/paco/0_TFG/tfg/TFG.tex
(C:/Users/paco/0_TFG/tfg/TFG.tex
LaTeX2e <2020-02-02> patch level 5
L3 programming layer <2020-05-15>
("C:\Program Files\MiKTeX 2.9\tex/latex/base\report.cls"
Document Class: report 2019/12/20 v1.4l Standard LaTeX document class
("C:\Program Files\MiKTeX 2.9\tex/latex/base\size12.clo"
File: size12.clo 2019/12/20 v1.4l Standard LaTeX file (size option)
)
\c@part=\count167
\c@chapter=\count168
\c@section=\count169
\c@subsection=\count170
\c@subsubsection=\count171
\c@paragraph=\count172
\c@subparagraph=\count173
\c@figure=\count174
\c@table=\count175
\abovecaptionskip=\skip47
\belowcaptionskip=\skip48
\bibindent=\dimen134
)
("C:\Program Files\MiKTeX 2.9\tex/latex/geometry\geometry.sty"
Package: geometry 2020/01/02 v5.9 Page Geometry

("C:\Program Files\MiKTeX 2.9\tex/latex/graphics\keyval.sty"
Package: keyval 2014/10/28 v1.15 key=value parser (DPC)
\KV@toks@=\toks15
)
("C:\Program Files\MiKTeX 2.9\tex/latex/iftex\ifvtex.sty"
Package: ifvtex 2019/10/25 v1.7 ifvtex legacy package. Use iftex instead.

("C:\Program Files\MiKTeX 2.9\tex/latex/iftex\iftex.sty"
Package: iftex 2020/03/06 v1.0d TeX engine tests
))
\Gm@cnth=\count176
\Gm@cntv=\count177
\c@Gm@tempcnt=\count178
\Gm@bindingoffset=\dimen135
\Gm@wd@mp=\dimen136
\Gm@odd@mp=\dimen137
\Gm@even@mp=\dimen138
\Gm@layoutwidth=\dimen139
\Gm@layoutheight=\dimen140
\Gm@layouthoffset=\dimen141
\Gm@layoutvoffset=\dimen142
\Gm@dimlist=\toks16

("C:\Program Files\MiKTeX 2.9\tex/latex/geometry\geometry.cfg"))
("C:\Program Files\MiKTeX 2.9\tex/latex/enumitem\enumitem.sty"
Package: enumitem 2019/06/20 v3.9 Customized lists
\labelindent=\skip49
\enit@outerparindent=\dimen143
\enit@toks=\toks17
\enit@inbox=\box45
\enit@count@id=\count179
\enitdp@description=\count180
)
("C:\Program Files\MiKTeX 2.9\tex/latex/xcolor\xcolor.sty"
Package: xcolor 2016/05/11 v2.12 LaTeX color extensions (UK)

("C:\Program Files\MiKTeX 2.9\tex/latex/graphics-cfg\color.cfg"
File: color.cfg 2016/01/02 v1.6 sample color configuration
)
Package xcolor Info: Driver file: pdftex.def on input line 225.

("C:\Program Files\MiKTeX 2.9\tex/latex/graphics-def\pdftex.def"
File: pdftex.def 2018/01/08 v1.0l Graphics/color driver for pdftex
)
("C:\Program Files\MiKTeX 2.9\tex/latex/colortbl\colortbl.sty"
Package: colortbl 2020/01/04 v1.0e Color table columns (DPC)

("C:\Program Files\MiKTeX 2.9\tex/latex/tools\array.sty"
Package: array 2019/08/31 v2.4l Tabular extension package (FMi)
\col@sep=\dimen144
\ar@mcellbox=\box46
\extrarowheight=\dimen145
\NC@list=\toks18
\extratabsurround=\skip50
\backup@length=\skip51
\ar@cellbox=\box47
)
\everycr=\toks19
\minrowclearance=\skip52
)
\rownum=\count181
Package xcolor Info: Model `cmy' substituted by `cmy0' on input line 1348.
Package xcolor Info: Model `hsb' substituted by `rgb' on input line 1352.
Package xcolor Info: Model `RGB' extended on input line 1364.
Package xcolor Info: Model `HTML' substituted by `rgb' on input line 1366.
Package xcolor Info: Model `Hsb' substituted by `hsb' on input line 1367.
Package xcolor Info: Model `tHsb' substituted by `hsb' on input line 1368.
Package xcolor Info: Model `HSB' substituted by `hsb' on input line 1369.
Package xcolor Info: Model `Gray' substituted by `gray' on input line 1370.
Package xcolor Info: Model `wave' substituted by `hsb' on input line 1371.
)
("C:\Program Files\MiKTeX 2.9\tex/latex/pdfx\pdfx.sty"
Package: pdfx 2019/02/27 v1.6.3 PDF/X and PDF/A support (CVR/HTH/RRM/PS)
\pdfx@minorversion=\count182

("C:\Program Files\MiKTeX 2.9\tex/latex/iftex\ifpdf.sty"
Package: ifpdf 2019/10/25 v3.4 ifpdf legacy package. Use iftex instead.
)
("C:\Program Files\MiKTeX 2.9\tex/latex/iftex\ifxetex.sty"
Package: ifxetex 2019/10/25 v0.7 ifxetex legacy package. Use iftex instead.
)
("C:\Program Files\MiKTeX 2.9\tex/latex/ms\everyshi.sty"
Package: everyshi 2001/05/15 v3.00 EveryShipout Package (MS)
)
("C:\Program Files\MiKTeX 2.9\tex/latex/iftex\ifluatex.sty"
Package: ifluatex 2019/10/25 v1.5 ifluatex legacy package. Use iftex instead.
){C:/Users/paco/AppData/Local/MiKTeX/2.9/pdftex/config/pdftex.map}
("C:\Program Files\MiKTeX 2.9\tex/latex/base\inputenc.sty"
Package: inputenc 2018/08/11 v1.3c Input encoding file
\inpenc@prehook=\toks20
\inpenc@posthook=\toks21
)
("C:\Program Files\MiKTeX 2.9\tex/latex/pdfx\l8u-penc.def"
File: l8u-penc.def 2017/06/23 v0.8 Custom LaTeX file, for UTF8 encoded letters 
and symbols
LaTeX Info: Composite with undeclared \b in encoding L8U on input line 278.
)
\pdfxsafeforxmp@toks=\toks22
\pdfx@tmptoks=\toks23

("C:\Program Files\MiKTeX 2.9\tex/latex/hyperref\hyperref.sty"
Package: hyperref 2020-05-15 v7.00e Hypertext links for LaTeX

("C:\Program Files\MiKTeX 2.9\tex/generic/ltxcmds\ltxcmds.sty"
Package: ltxcmds 2019/12/15 v1.24 LaTeX kernel commands for general use (HO)
)
("C:\Program Files\MiKTeX 2.9\tex/latex/pdftexcmds\pdftexcmds.sty"
Package: pdftexcmds 2019/11/24 v0.31 Utility functions of pdfTeX for LuaTeX (HO
)

("C:\Program Files\MiKTeX 2.9\tex/generic/infwarerr\infwarerr.sty"
Package: infwarerr 2019/12/03 v1.5 Providing info/warning/error messages (HO)
)
Package pdftexcmds Info: \pdf@primitive is available.
Package pdftexcmds Info: \pdf@ifprimitive is available.
Package pdftexcmds Info: \pdfdraftmode found.
)
("C:\Program Files\MiKTeX 2.9\tex/generic/kvsetkeys\kvsetkeys.sty"
Package: kvsetkeys 2019/12/15 v1.18 Key value parser (HO)
)
("C:\Program Files\MiKTeX 2.9\tex/generic/kvdefinekeys\kvdefinekeys.sty"
Package: kvdefinekeys 2019-12-19 v1.6 Define keys (HO)
)
("C:\Program Files\MiKTeX 2.9\tex/generic/pdfescape\pdfescape.sty"
Package: pdfescape 2019/12/09 v1.15 Implements pdfTeX's escape features (HO)
)
("C:\Program Files\MiKTeX 2.9\tex/latex/hycolor\hycolor.sty"
Package: hycolor 2020-01-27 v1.10 Color options for hyperref/bookmark (HO)
)
("C:\Program Files\MiKTeX 2.9\tex/latex/letltxmacro\letltxmacro.sty"
Package: letltxmacro 2019/12/03 v1.6 Let assignment for LaTeX macros (HO)
)
("C:\Program Files\MiKTeX 2.9\tex/latex/auxhook\auxhook.sty"
Package: auxhook 2019-12-17 v1.6 Hooks for auxiliary files (HO)
)
("C:\Program Files\MiKTeX 2.9\tex/latex/kvoptions\kvoptions.sty"
Package: kvoptions 2019/11/29 v3.13 Key value format for package options (HO)
)
\@linkdim=\dimen146
\Hy@linkcounter=\count183
\Hy@pagecounter=\count184

("C:\Program Files\MiKTeX 2.9\tex/latex/hyperref\pd1enc.def"
File: pd1enc.def 2020-05-15 v7.00e Hyperref: PDFDocEncoding definition (HO)
)
("C:\Program Files\MiKTeX 2.9\tex/generic/intcalc\intcalc.sty"
Package: intcalc 2019/12/15 v1.3 Expandable calculations with integers (HO)
)
("C:\Program Files\MiKTeX 2.9\tex/generic/etexcmds\etexcmds.sty"
Package: etexcmds 2019/12/15 v1.7 Avoid name clashes with e-TeX commands (HO)
)
\Hy@SavedSpaceFactor=\count185
Package hyperref Info: Option `pdfa' set `true' on input line 4338.
Package hyperref Info: Hyper figures OFF on input line 4464.
Package hyperref Info: Link nesting OFF on input line 4469.
Package hyperref Info: Hyper index ON on input line 4472.
Package hyperref Info: Plain pages OFF on input line 4479.
Package hyperref Info: Backreferencing OFF on input line 4484.
Package hyperref Info: Implicit mode ON; LaTeX internals redefined.
Package hyperref Info: Bookmarks ON on input line 4717.
\c@Hy@tempcnt=\count186

("C:\Program Files\MiKTeX 2.9\tex/latex/url\url.sty"
\Urlmuskip=\muskip16
Package: url 2013/09/16  ver 3.4  Verb mode for urls, etc.
)
LaTeX Info: Redefining \url on input line 5076.
\XeTeXLinkMargin=\dimen147

("C:\Program Files\MiKTeX 2.9\tex/generic/bitset\bitset.sty"
Package: bitset 2019/12/09 v1.3 Handle bit-vector datatype (HO)

("C:\Program Files\MiKTeX 2.9\tex/generic/bigintcalc\bigintcalc.sty"
Package: bigintcalc 2019/12/15 v1.5 Expandable calculations on big integers (HO
)
))
\Fld@menulength=\count187
\Field@Width=\dimen148
\Fld@charsize=\dimen149
Package hyperref Info: Hyper figures OFF on input line 6347.
Package hyperref Info: Link nesting OFF on input line 6352.
Package hyperref Info: Hyper index ON on input line 6355.
Package hyperref Info: backreferencing OFF on input line 6362.
Package hyperref Info: Link coloring OFF on input line 6367.
Package hyperref Info: Link coloring with OCG OFF on input line 6372.
Package hyperref Info: PDF/A mode ON on input line 6375.
LaTeX Info: Redefining \ref on input line 6417.
LaTeX Info: Redefining \pageref on input line 6421.

("C:\Program Files\MiKTeX 2.9\tex/generic/atbegshi\atbegshi.sty"
Package: atbegshi 2019/12/05 v1.19 At begin shipout hook (HO)
)
\Hy@abspage=\count188
\c@Item=\count189
\c@Hfootnote=\count190
)
Package hyperref Info: Driver: hpdftex.

("C:\Program Files\MiKTeX 2.9\tex/latex/hyperref\hpdftex.def"
File: hpdftex.def 2020-05-15 v7.00e Hyperref driver for pdfTeX

("C:\Program Files\MiKTeX 2.9\tex/latex/atveryend\atveryend.sty"
Package: atveryend 2019-12-11 v1.11 Hooks at the very end of document (HO)
Package atveryend Info: \enddocument detected (standard20110627).
)
\Fld@listcount=\count191
\c@bookmark@seq@number=\count192

("C:\Program Files\MiKTeX 2.9\tex/latex/rerunfilecheck\rerunfilecheck.sty"
Package: rerunfilecheck 2019/12/05 v1.9 Rerun checks for auxiliary files (HO)

("C:\Program Files\MiKTeX 2.9\tex/generic/uniquecounter\uniquecounter.sty"
Package: uniquecounter 2019/12/15 v1.4 Provide unlimited unique counter (HO)
)
Package uniquecounter Info: New unique counter `rerunfilecheck' on input line 2
86.
)
\Hy@SectionHShift=\skip53
)
Package hyperref Info: Option `unicode' set `true' on input line 1463.

("C:\Program Files\MiKTeX 2.9\tex/latex/hyperref\puenc.def"
File: puenc.def 2020-05-15 v7.00e Hyperref: PDF Unicode definition (HO)
)
("C:\Program Files\MiKTeX 2.9\tex/generic/stringenc\stringenc.sty"
Package: stringenc 2019/11/29 v1.12 Convert strings between diff. encodings (HO
)
)
Package hyperref Info: Option `psdextra' set `true' on input line 1465.

("C:\Program Files\MiKTeX 2.9\tex/latex/hyperref\psdextra.def"
File: psdextra.def 2020-05-15 v7.00e Hyperref: Additions to PDF string support
)
("C:\Program Files\MiKTeX 2.9\tex/generic/colorprofiles\colorprofiles.sty"
Package: colorprofiles 2018/11/01 v1.0.1 color profiles for PDF/X and PDF/A sup
port

("C:\Program Files\MiKTeX 2.9\tex/generic/colorprofiles\colorprofiles.tex"))
("C:\Program Files\MiKTeX 2.9\tex/generic/stringenc\se-pdfdoc.def"
File: se-pdfdoc.def 2019/11/29 v1.12 stringenc: PDFDocEncoding
)
("C:\Program Files\MiKTeX 2.9\tex/latex/pdfx\AdobeColorProfiles.tex")
("C:\Program Files\MiKTeX 2.9\tex/latex/pdfx\8bit.def"
File: 8bit.def 2008/03/30 v1.1d Input encoding file
)
** pdfx: No file TFG.xmpdata . Metadata will be incomplete!
<<sRGB.icc>> ("C:\Program Files\MiKTeX 2.9\tex/latex/pdfx\8bit.def"
File: 8bit.def 2008/03/30 v1.1d Input encoding file
)
Package hyperref Info: Option `unicode' set `true' on input line 2411.
Package hyperref Info: Option `unicode' set `true' on input line 2412.

("C:\Program Files\MiKTeX 2.9\tex/generic/pdftex\glyphtounicode.tex")
("C:\Program Files\MiKTeX 2.9\tex/latex/pdfx\glyphtounicode-cmr.tex")
("C:\Program Files\MiKTeX 2.9\tex/latex/pdfx\glyphtounicode-ntx.tex")
("C:\Program Files\MiKTeX 2.9\tex/latex/base\ifthen.sty"
Package: ifthen 2014/09/29 v1.1c Standard LaTeX ifthen package (DPC)
)
("C:\Program Files\MiKTeX 2.9\tex/latex/xmpincl\xmpincl.sty"
Package: xmpincl 2008/05/10 v2.2 Include XMP data in pdflatex
)
("C:\Program Files\MiKTeX 2.9\tex/latex/pdfx\8bit.def"
File: 8bit.def 2008/03/30 v1.1d Input encoding file
)
Using XMP template file: pdfa.xmp
\xmpinclWrite=\write3
\xmpinclRead=\read2
\openout3 = `pdfa.xmpi'.

<<pdfa.xmpi>>)
Package hyperref Info: Option `colorlinks' set `true' on input line 35.
 ("C:\Program Files\MiKTeX 2.9\tex/latex/amsmath\amsmath.sty"
Package: amsmath 2020/01/20 v2.17e AMS math features
\@mathmargin=\skip54

For additional information on amsmath, use the `?' option.
("C:\Program Files\MiKTeX 2.9\tex/latex/amsmath\amstext.sty"
Package: amstext 2000/06/29 v2.01 AMS text

("C:\Program Files\MiKTeX 2.9\tex/latex/amsmath\amsgen.sty"
File: amsgen.sty 1999/11/30 v2.0 generic functions
\@emptytoks=\toks24
\ex@=\dimen150
))
("C:\Program Files\MiKTeX 2.9\tex/latex/amsmath\amsbsy.sty"
Package: amsbsy 1999/11/29 v1.2d Bold Symbols
\pmbraise@=\dimen151
)
("C:\Program Files\MiKTeX 2.9\tex/latex/amsmath\amsopn.sty"
Package: amsopn 2016/03/08 v2.02 operator names
)
\inf@bad=\count193
LaTeX Info: Redefining \frac on input line 227.
\uproot@=\count194
\leftroot@=\count195
LaTeX Info: Redefining \overline on input line 389.
\classnum@=\count196
\DOTSCASE@=\count197
LaTeX Info: Redefining \ldots on input line 486.
LaTeX Info: Redefining \dots on input line 489.
LaTeX Info: Redefining \cdots on input line 610.
\Mathstrutbox@=\box48
\strutbox@=\box49
\big@size=\dimen152
LaTeX Font Info:    Redeclaring font encoding OML on input line 733.
LaTeX Font Info:    Redeclaring font encoding OMS on input line 734.
\macc@depth=\count198
\c@MaxMatrixCols=\count199
\dotsspace@=\muskip17
\c@parentequation=\count266
\dspbrk@lvl=\count267
\tag@help=\toks25
\row@=\count268
\column@=\count269
\maxfields@=\count270
\andhelp@=\toks26
\eqnshift@=\dimen153
\alignsep@=\dimen154
\tagshift@=\dimen155
\tagwidth@=\dimen156
\totwidth@=\dimen157
\lineht@=\dimen158
\@envbody=\toks27
\multlinegap=\skip55
\multlinetaggap=\skip56
\mathdisplay@stack=\toks28
LaTeX Info: Redefining \[ on input line 2859.
LaTeX Info: Redefining \] on input line 2860.
)
("C:\Program Files\MiKTeX 2.9\tex/latex/amsfonts\amssymb.sty"
Package: amssymb 2013/01/14 v3.01 AMS font symbols

("C:\Program Files\MiKTeX 2.9\tex/latex/amsfonts\amsfonts.sty"
Package: amsfonts 2013/01/14 v3.01 Basic AMSFonts support
\symAMSa=\mathgroup4
\symAMSb=\mathgroup5
LaTeX Font Info:    Redeclaring math symbol \hbar on input line 98.
LaTeX Font Info:    Overwriting math alphabet `\mathfrak' in version `bold'
(Font)                  U/euf/m/n --> U/euf/b/n on input line 106.
))
("C:\Program Files\MiKTeX 2.9\tex/latex/amscls\amsthm.sty"
Package: amsthm 2020/05/21 v2.20.5
\thm@style=\toks29
\thm@bodyfont=\toks30
\thm@headfont=\toks31
\thm@notefont=\toks32
\thm@headpunct=\toks33
\thm@preskip=\skip57
\thm@postskip=\skip58
\thm@headsep=\skip59
\dth@everypar=\toks34
)
("C:\Program Files\MiKTeX 2.9\tex/latex/txfonts\txfonts.sty"
Package: txfonts 2008/01/22 v3.2.1
LaTeX Font Info:    Redeclaring symbol font `operators' on input line 21.
LaTeX Font Info:    Overwriting symbol font `operators' in version `normal'
(Font)                  OT1/cmr/m/n --> OT1/txr/m/n on input line 21.
LaTeX Font Info:    Overwriting symbol font `operators' in version `bold'
(Font)                  OT1/cmr/bx/n --> OT1/txr/m/n on input line 21.
LaTeX Font Info:    Overwriting symbol font `operators' in version `bold'
(Font)                  OT1/txr/m/n --> OT1/txr/bx/n on input line 22.
\symitalic=\mathgroup6
LaTeX Font Info:    Overwriting symbol font `italic' in version `bold'
(Font)                  OT1/txr/m/it --> OT1/txr/bx/it on input line 26.
LaTeX Font Info:    Redeclaring math alphabet \mathbf on input line 29.
LaTeX Font Info:    Overwriting math alphabet `\mathbf' in version `normal'
(Font)                  OT1/cmr/bx/n --> OT1/txr/bx/n on input line 29.
LaTeX Font Info:    Overwriting math alphabet `\mathbf' in version `bold'
(Font)                  OT1/cmr/bx/n --> OT1/txr/bx/n on input line 29.
LaTeX Font Info:    Redeclaring math alphabet \mathit on input line 30.
LaTeX Font Info:    Overwriting math alphabet `\mathit' in version `normal'
(Font)                  OT1/cmr/m/it --> OT1/txr/m/it on input line 30.
LaTeX Font Info:    Overwriting math alphabet `\mathit' in version `bold'
(Font)                  OT1/cmr/bx/it --> OT1/txr/m/it on input line 30.
LaTeX Font Info:    Overwriting math alphabet `\mathit' in version `bold'
(Font)                  OT1/txr/m/it --> OT1/txr/bx/it on input line 31.
LaTeX Font Info:    Redeclaring math alphabet \mathsf on input line 40.
LaTeX Font Info:    Overwriting math alphabet `\mathsf' in version `normal'
(Font)                  OT1/cmss/m/n --> OT1/txss/m/n on input line 40.
LaTeX Font Info:    Overwriting math alphabet `\mathsf' in version `bold'
(Font)                  OT1/cmss/bx/n --> OT1/txss/m/n on input line 40.
LaTeX Font Info:    Overwriting math alphabet `\mathsf' in version `bold'
(Font)                  OT1/txss/m/n --> OT1/txss/b/n on input line 41.
LaTeX Font Info:    Redeclaring math alphabet \mathtt on input line 50.
LaTeX Font Info:    Overwriting math alphabet `\mathtt' in version `normal'
(Font)                  OT1/cmtt/m/n --> OT1/txtt/m/n on input line 50.
LaTeX Font Info:    Overwriting math alphabet `\mathtt' in version `bold'
(Font)                  OT1/cmtt/m/n --> OT1/txtt/m/n on input line 50.
LaTeX Font Info:    Overwriting math alphabet `\mathtt' in version `bold'
(Font)                  OT1/txtt/m/n --> OT1/txtt/b/n on input line 51.
LaTeX Font Info:    Redeclaring symbol font `letters' on input line 58.
LaTeX Font Info:    Overwriting symbol font `letters' in version `normal'
(Font)                  OML/cmm/m/it --> OML/txmi/m/it on input line 58.
LaTeX Font Info:    Overwriting symbol font `letters' in version `bold'
(Font)                  OML/cmm/b/it --> OML/txmi/m/it on input line 58.
LaTeX Font Info:    Overwriting symbol font `letters' in version `bold'
(Font)                  OML/txmi/m/it --> OML/txmi/bx/it on input line 59.
\symlettersA=\mathgroup7
LaTeX Font Info:    Overwriting symbol font `lettersA' in version `bold'
(Font)                  U/txmia/m/it --> U/txmia/bx/it on input line 67.
LaTeX Font Info:    Redeclaring math alphabet \mathfrak on input line 70.
LaTeX Font Info:    Redeclaring symbol font `symbols' on input line 77.
LaTeX Font Info:    Overwriting symbol font `symbols' in version `normal'
(Font)                  OMS/cmsy/m/n --> OMS/txsy/m/n on input line 77.
LaTeX Font Info:    Overwriting symbol font `symbols' in version `bold'
(Font)                  OMS/cmsy/b/n --> OMS/txsy/m/n on input line 77.
LaTeX Font Info:    Overwriting symbol font `symbols' in version `bold'
(Font)                  OMS/txsy/m/n --> OMS/txsy/bx/n on input line 78.
LaTeX Font Info:    Redeclaring symbol font `AMSa' on input line 93.
LaTeX Font Info:    Overwriting symbol font `AMSa' in version `normal'
(Font)                  U/msa/m/n --> U/txsya/m/n on input line 93.
LaTeX Font Info:    Overwriting symbol font `AMSa' in version `bold'
(Font)                  U/msa/m/n --> U/txsya/m/n on input line 93.
LaTeX Font Info:    Overwriting symbol font `AMSa' in version `bold'
(Font)                  U/txsya/m/n --> U/txsya/bx/n on input line 94.
LaTeX Font Info:    Redeclaring symbol font `AMSb' on input line 102.
LaTeX Font Info:    Overwriting symbol font `AMSb' in version `normal'
(Font)                  U/msb/m/n --> U/txsyb/m/n on input line 102.
LaTeX Font Info:    Overwriting symbol font `AMSb' in version `bold'
(Font)                  U/msb/m/n --> U/txsyb/m/n on input line 102.
LaTeX Font Info:    Overwriting symbol font `AMSb' in version `bold'
(Font)                  U/txsyb/m/n --> U/txsyb/bx/n on input line 103.
\symsymbolsC=\mathgroup8
LaTeX Font Info:    Overwriting symbol font `symbolsC' in version `bold'
(Font)                  U/txsyc/m/n --> U/txsyc/bx/n on input line 113.
LaTeX Font Info:    Redeclaring symbol font `largesymbols' on input line 120.
LaTeX Font Info:    Overwriting symbol font `largesymbols' in version `normal'
(Font)                  OMX/cmex/m/n --> OMX/txex/m/n on input line 120.
LaTeX Font Info:    Overwriting symbol font `largesymbols' in version `bold'
(Font)                  OMX/cmex/m/n --> OMX/txex/m/n on input line 120.
LaTeX Font Info:    Overwriting symbol font `largesymbols' in version `bold'
(Font)                  OMX/txex/m/n --> OMX/txex/bx/n on input line 121.
\symlargesymbolsA=\mathgroup9
LaTeX Font Info:    Overwriting symbol font `largesymbolsA' in version `bold'
(Font)                  U/txexa/m/n --> U/txexa/bx/n on input line 129.
LaTeX Font Info:    Redeclaring math symbol \mathsterling on input line 164.
LaTeX Info: Redefining \not on input line 1043.
LaTeX Info: Redefining \textsquare on input line 1063.
LaTeX Info: Redefining \openbox on input line 1064.
)
("C:\Program Files\MiKTeX 2.9\tex/latex/base\fontenc.sty"
Package: fontenc 2020/02/11 v2.0o Standard LaTeX package
LaTeX Font Info:    Trying to load font information for T1+txr on input line 11
2.

("C:\Program Files\MiKTeX 2.9\tex/latex/txfonts\t1txr.fd"
File: t1txr.fd 2000/12/15 v3.1
))
("C:\Program Files\MiKTeX 2.9\tex/latex/base\inputenc.sty"
Package: inputenc 2018/08/11 v1.3c Input encoding file
)
("C:\Program Files\MiKTeX 2.9\tex/generic/babel\babel.sty"
Package: babel 2020/05/13 3.44 The Babel package

("C:\Program Files\MiKTeX 2.9\tex/generic/babel\babel.def"
File: babel.def 2020/05/13 3.44 Babel common definitions
\babel@savecnt=\count271
\U@D=\dimen159
\l@babelnohyphens=\language83

("C:\Program Files\MiKTeX 2.9\tex/generic/babel\txtbabel.def")
\bbl@readstream=\read3
)
\bbl@dirlevel=\count272

*************************************
* Local config file bblopts.cfg used
*
("C:\Program Files\MiKTeX 2.9\tex/latex/arabi\bblopts.cfg"
File: bblopts.cfg 2005/09/08 v0.1 add Arabic and Farsi to "declared" options of
 babel
)
("C:\Program Files\MiKTeX 2.9\tex/latex/babel-spanish\spanish.ldf"
Language: spanish.ldf 2016/03/03 v5.0p Spanish support from the babel system
\es@quottoks=\toks35
\es@quotdepth=\count273
Package babel Info: Making " an active character on input line 561.
Package babel Info: Making . an active character on input line 662.
Package babel Info: Making < an active character on input line 707.
Package babel Info: Making > an active character on input line 707.
))
("C:\Program Files\MiKTeX 2.9\tex/latex/csquotes\csquotes.sty"
Package: csquotes 2019-12-06 v5.2j context-sensitive quotations (JAW)

("C:\Program Files\MiKTeX 2.9\tex/latex/etoolbox\etoolbox.sty"
Package: etoolbox 2019/09/21 v2.5h e-TeX tools for LaTeX (JAW)
\etb@tempcnta=\count274
)
\csq@reset=\count275
\csq@gtype=\count276
\csq@glevel=\count277
\csq@qlevel=\count278
\csq@maxlvl=\count279
\csq@tshold=\count280
\csq@ltx@everypar=\toks36

("C:\Program Files\MiKTeX 2.9\tex/latex/csquotes\csquotes.def"
File: csquotes.def 2019-12-06 v5.2j csquotes generic definitions (JAW)
)
Package csquotes Info: Trying to load configuration file 'csquotes.cfg'...
Package csquotes Info: ... configuration file loaded successfully.

("C:\Program Files\MiKTeX 2.9\tex/latex/csquotes\csquotes.cfg"
File: csquotes.cfg 
)
Package csquotes Info: Option 'babel' depreciated.
(csquotes)             Using 'autostyle'.
Package csquotes Info: Enabling multilingual quotes.
Package csquotes Info: Redefining alias 'spanish' -> 'spanish/spanish'.
)
("C:\Program Files\MiKTeX 2.9\tex/latex/fancyhdr\fancyhdr.sty"
Package: fancyhdr 2019/01/31 v3.10 Extensive control of page headers and footer
s
\f@nch@headwidth=\skip60
\f@nch@O@elh=\skip61
\f@nch@O@erh=\skip62
\f@nch@O@olh=\skip63
\f@nch@O@orh=\skip64
\f@nch@O@elf=\skip65
\f@nch@O@erf=\skip66
\f@nch@O@olf=\skip67
\f@nch@O@orf=\skip68
)
("C:\Program Files\MiKTeX 2.9\tex/latex/titlesec\titlesec.sty"
Package: titlesec 2019/10/16 v2.13 Sectioning titles
\ttl@box=\box50
\beforetitleunit=\skip69
\aftertitleunit=\skip70
\ttl@plus=\dimen160
\ttl@minus=\dimen161
\ttl@toksa=\toks37
\titlewidth=\dimen162
\titlewidthlast=\dimen163
\titlewidthfirst=\dimen164
)
("C:\Program Files\MiKTeX 2.9\tex/latex/titlesec\titletoc.sty"
Package: titletoc 2019/10/16 v2.13 TOC entries
\ttl@leftsep=\dimen165
)
("C:\Program Files\MiKTeX 2.9\tex/latex/multirow\multirow.sty"
Package: multirow 2019/05/31 v2.5 Span multiple rows of a table
\multirow@colwidth=\skip71
\multirow@cntb=\count281
\multirow@dima=\skip72
\bigstrutjot=\dimen166
)
("C:\Program Files\MiKTeX 2.9\tex/latex/caption\caption.sty"
Package: caption 2020/05/10 v3.4j Customizing captions (AR)

("C:\Program Files\MiKTeX 2.9\tex/latex/caption\caption3.sty"
Package: caption3 2020/05/10 v1.11 caption3 kernel (AR)
Package caption3 Info: TeX engine: e-TeX on input line 61.
\captionmargin=\dimen167
\captionmargin@=\dimen168
\captionwidth=\dimen169
\caption@tempdima=\dimen170
\caption@indent=\dimen171
\caption@parindent=\dimen172
\caption@hangindent=\dimen173
Package caption Info: Standard document class detected.
)
\c@caption@flags=\count282
\c@continuedfloat=\count283
Package caption Info: hyperref package is loaded.
)
("C:\Program Files\MiKTeX 2.9\tex/latex/floatrow\floatrow.sty"
Package: floatrow 2008/08/02 v0.3b floatrow: float package extension
\c@float@type=\count284
\float@exts=\toks38
\float@box=\box51
\@floatcapt=\box52
Package floatrow Info: Modified float package code loaded on input line 455.
Package floatrow Info: Modified rotfloat package code loaded on input line 473.

\FR@everyfloat=\toks39
\flrow@foot=\insert252
\FB@wd=\dimen174
\FBo@wd=\dimen175
\FBc@wd=\dimen176
\FBo@ht=\skip73
\FBc@ht=\skip74
\FBf@ht=\skip75
\FBo@max=\skip76
\FBc@max=\skip77
\FBf@max=\skip78
\c@FBl@b=\count285
\floatbox@depth=\count286
\c@FRobj=\count287
\c@FRsobj=\count288
\Xhsize=\skip79
\sXhsize=\skip80
\Zhsize=\skip81
\sZhsize=\skip82
\flrow@rowbox=\box53
\FR@Zunitlength=\dimen177
\c@FBcnt=\count289
\FPOScnt=\count290
\LTleft=\skip83
\LTright=\skip84
\LTleft=\skip85
\LTright=\skip86
\flrow@types=\toks40
)
("C:\Program Files\MiKTeX 2.9\tex/latex/tools\longtable.sty"
Package: longtable 2020/01/07 v4.13 Multi-page Table package (DPC)
\LTleft=\skip87
\LTright=\skip88
\LTpre=\skip89
\LTpost=\skip90
\LTchunksize=\count291
\LTcapwidth=\dimen178
\LT@head=\box54
\LT@firsthead=\box55
\LT@foot=\box56
\LT@lastfoot=\box57
\LT@cols=\count292
\LT@rows=\count293
\c@LT@tables=\count294
\c@LT@chunks=\count295
\LT@p@ftn=\toks41
)
("C:\Program Files\MiKTeX 2.9\tex/latex/subfig\subfig.sty"
Package: subfig 2005/06/28 ver: 1.3 subfig package
\c@KVtest=\count296
\sf@farskip=\skip91
\sf@captopadj=\dimen179
\sf@capskip=\skip92
\sf@nearskip=\skip93
\c@subfigure=\count297
\c@subfigure@save=\count298
\c@lofdepth=\count299
\c@subtable=\count300
\c@subtable@save=\count301
\c@lotdepth=\count302
\sf@top=\skip94
\sf@bottom=\skip95
)
("C:\Program Files\MiKTeX 2.9\tex/latex/graphics\graphicx.sty"
Package: graphicx 2019/11/30 v1.2a Enhanced LaTeX Graphics (DPC,SPQR)

("C:\Program Files\MiKTeX 2.9\tex/latex/graphics\graphics.sty"
Package: graphics 2019/11/30 v1.4a Standard LaTeX Graphics (DPC,SPQR)

("C:\Program Files\MiKTeX 2.9\tex/latex/graphics\trig.sty"
Package: trig 2016/01/03 v1.10 sin cos tan (DPC)
)
("C:\Program Files\MiKTeX 2.9\tex/latex/graphics-cfg\graphics.cfg"
File: graphics.cfg 2016/06/04 v1.11 sample graphics configuration
)
Package graphics Info: Driver file: pdftex.def on input line 105.
)
\Gin@req@height=\dimen180
\Gin@req@width=\dimen181
)
("C:\Program Files\MiKTeX 2.9\tex/latex/chngcntr\chngcntr.sty"
Package: chngcntr 2018/04/09 v1.1a change counter resetting
Package chngcntr Info: \counterwithout already defined.
(chngcntr)             Quitting chngcntr on input line 21.
)
("C:\Program Files\MiKTeX 2.9\tex/latex/listings\listings.sty"
\lst@mode=\count303
\lst@gtempboxa=\box58
\lst@token=\toks42
\lst@length=\count304
\lst@currlwidth=\dimen182
\lst@column=\count305
\lst@pos=\count306
\lst@lostspace=\dimen183
\lst@width=\dimen184
\lst@newlines=\count307
\lst@lineno=\count308
\lst@maxwidth=\dimen185

("C:\Program Files\MiKTeX 2.9\tex/latex/listings\lstmisc.sty"
File: lstmisc.sty 2020/03/24 1.8d (Carsten Heinz)
\c@lstnumber=\count309
\lst@skipnumbers=\count310
\lst@framebox=\box59
)
("C:\Program Files\MiKTeX 2.9\tex/latex/listings\listings.cfg"
File: listings.cfg 2020/03/24 1.8d listings configuration
))
Package: listings 2020/03/24 1.8d (Carsten Heinz)

("C:\Program Files\MiKTeX 2.9\tex/latex/biblatex\biblatex.sty"
Package: biblatex 2019/12/01 v3.14 programmable bibliographies (PK/MW)

("C:\Program Files\MiKTeX 2.9\tex/latex/logreq\logreq.sty"
Package: logreq 2010/08/04 v1.0 xml request logger
\lrq@indent=\count311

("C:\Program Files\MiKTeX 2.9\tex/latex/logreq\logreq.def"
File: logreq.def 2010/08/04 v1.0 logreq spec v1.0
))
\c@tabx@nest=\count312
\c@listtotal=\count313
\c@listcount=\count314
\c@liststart=\count315
\c@liststop=\count316
\c@citecount=\count317
\c@citetotal=\count318
\c@multicitecount=\count319
\c@multicitetotal=\count320
\c@instcount=\count321
\c@maxnames=\count322
\c@minnames=\count323
\c@maxitems=\count324
\c@minitems=\count325
\c@citecounter=\count326
\c@maxcitecounter=\count327
\c@savedcitecounter=\count328
\c@uniquelist=\count329
\c@uniquename=\count330
\c@refsection=\count331
\c@refsegment=\count332
\c@maxextratitle=\count333
\c@maxextratitleyear=\count334
\c@maxextraname=\count335
\c@maxextradate=\count336
\c@maxextraalpha=\count337
\c@abbrvpenalty=\count338
\c@highnamepenalty=\count339
\c@lownamepenalty=\count340
\c@maxparens=\count341
\c@parenlevel=\count342
\blx@tempcnta=\count343
\blx@tempcntb=\count344
\blx@tempcntc=\count345
\blx@maxsection=\count346
\blx@maxsegment@0=\count347
\blx@notetype=\count348
\blx@parenlevel@text=\count349
\blx@parenlevel@foot=\count350
\blx@sectionciteorder@0=\count351
\blx@entrysetcounter=\count352
\labelnumberwidth=\skip96
\labelalphawidth=\skip97
\biblabelsep=\skip98
\bibitemsep=\skip99
\bibnamesep=\skip100
\bibinitsep=\skip101
\bibparsep=\skip102
\bibhang=\skip103
\blx@bcfin=\read4
\blx@bcfout=\write4
\blx@langwohyphens=\language84
\c@mincomprange=\count353
\c@maxcomprange=\count354
\c@mincompwidth=\count355
Package biblatex Info: Trying to load biblatex default data model...
Package biblatex Info: ... file 'blx-dm.def' found.

("C:\Program Files\MiKTeX 2.9\tex/latex/biblatex\blx-dm.def"
File: blx-dm.def 2019/12/01 v3.14 biblatex localization (PK/MW)
)
Package biblatex Info: Trying to load biblatex style data model...
Package biblatex Info: ... file 'ieee.dbx' not found.
Package biblatex Info: Trying to load biblatex custom data model...
Package biblatex Info: ... file 'biblatex-dm.cfg' not found.
\c@afterword=\count356
\c@savedafterword=\count357
\c@annotator=\count358
\c@savedannotator=\count359
\c@author=\count360
\c@savedauthor=\count361
\c@bookauthor=\count362
\c@savedbookauthor=\count363
\c@commentator=\count364
\c@savedcommentator=\count365
\c@editor=\count366
\c@savededitor=\count367
\c@editora=\count368
\c@savededitora=\count369
\c@editorb=\count370
\c@savededitorb=\count371
\c@editorc=\count372
\c@savededitorc=\count373
\c@foreword=\count374
\c@savedforeword=\count375
\c@holder=\count376
\c@savedholder=\count377
\c@introduction=\count378
\c@savedintroduction=\count379
\c@namea=\count380
\c@savednamea=\count381
\c@nameb=\count382
\c@savednameb=\count383
\c@namec=\count384
\c@savednamec=\count385
\c@translator=\count386
\c@savedtranslator=\count387
\c@shortauthor=\count388
\c@savedshortauthor=\count389
\c@shorteditor=\count390
\c@savedshorteditor=\count391
\c@labelname=\count392
\c@savedlabelname=\count393
\c@institution=\count394
\c@savedinstitution=\count395
\c@lista=\count396
\c@savedlista=\count397
\c@listb=\count398
\c@savedlistb=\count399
\c@listc=\count400
\c@savedlistc=\count401
\c@listd=\count402
\c@savedlistd=\count403
\c@liste=\count404
\c@savedliste=\count405
\c@listf=\count406
\c@savedlistf=\count407
\c@location=\count408
\c@savedlocation=\count409
\c@organization=\count410
\c@savedorganization=\count411
\c@origlocation=\count412
\c@savedoriglocation=\count413
\c@origpublisher=\count414
\c@savedorigpublisher=\count415
\c@publisher=\count416
\c@savedpublisher=\count417
\c@language=\count418
\c@savedlanguage=\count419
\c@origlanguage=\count420
\c@savedoriglanguage=\count421
\c@pageref=\count422
\c@savedpageref=\count423
\shorthandwidth=\skip104
\shortjournalwidth=\skip105
\shortserieswidth=\skip106
\shorttitlewidth=\skip107
\shortauthorwidth=\skip108
\shorteditorwidth=\skip109
\locallabelnumberwidth=\skip110
\locallabelalphawidth=\skip111
\localshorthandwidth=\skip112
\localshortjournalwidth=\skip113
\localshortserieswidth=\skip114
\localshorttitlewidth=\skip115
\localshortauthorwidth=\skip116
\localshorteditorwidth=\skip117
Package biblatex Info: Trying to load compatibility code...
Package biblatex Info: ... file 'blx-compat.def' found.

("C:\Program Files\MiKTeX 2.9\tex/latex/biblatex\blx-compat.def"
File: blx-compat.def 2019/12/01 v3.14 biblatex compatibility (PK/MW)
)
Package biblatex Info: Trying to load BibTeX backend compatibility...
Package biblatex Info: ... file 'blx-bibtex.def' found.

("C:\Program Files\MiKTeX 2.9\tex/latex/biblatex\blx-bibtex.def"
File: blx-bibtex.def 2019/12/01 v3.14 biblatex compatibility (PK/MW)


Package biblatex Warning: Using fall-back BibTeX(8) backend:
(biblatex)                functionality may be reduced/unavailable.

)
Package biblatex Info: Trying to load generic definitions...
Package biblatex Info: ... file 'biblatex.def' found.
 ("C:\Program Files\MiKTeX 2.9\tex/latex/biblatex\biblatex.def"
File: biblatex.def 2019/12/01 v3.14 biblatex compatibility (PK/MW)
\c@textcitecount=\count424
\c@textcitetotal=\count425
\c@textcitemaxnames=\count426
\c@biburlbigbreakpenalty=\count427
\c@biburlbreakpenalty=\count428
\c@biburlnumpenalty=\count429
\c@biburlucpenalty=\count430
\c@biburllcpenalty=\count431
\biburlbigskip=\muskip18
\biburlnumskip=\muskip19
\biburlucskip=\muskip20
\biburllcskip=\muskip21
\c@smartand=\count432
)
Package biblatex Info: Trying to load bibliography style 'ieee'...
Package biblatex Info: ... file 'ieee.bbx' found.

("C:\Program Files\MiKTeX 2.9\tex/latex/biblatex-ieee\ieee.bbx"
File: ieee.bbx 2020/02/26 v1.3b biblatex bibliography style
Package biblatex Info: Trying to load bibliography style 'numeric-comp'...
Package biblatex Info: ... file 'numeric-comp.bbx' found.

("C:\Program Files\MiKTeX 2.9\tex/latex/biblatex/bbx\numeric-comp.bbx"
File: numeric-comp.bbx 2019/12/01 v3.14 biblatex bibliography style (PK/MW)
Package biblatex Info: Trying to load bibliography style 'numeric'...
Package biblatex Info: ... file 'numeric.bbx' found.

("C:\Program Files\MiKTeX 2.9\tex/latex/biblatex/bbx\numeric.bbx"
File: numeric.bbx 2019/12/01 v3.14 biblatex bibliography style (PK/MW)
Package biblatex Info: Trying to load bibliography style 'standard'...
Package biblatex Info: ... file 'standard.bbx' found.

("C:\Program Files\MiKTeX 2.9\tex/latex/biblatex/bbx\standard.bbx"
File: standard.bbx 2019/12/01 v3.14 biblatex bibliography style (PK/MW)
\c@bbx:relatedcount=\count433
\c@bbx:relatedtotal=\count434
))))
Package biblatex Info: Trying to load citation style 'ieee'...
Package biblatex Info: ... file 'ieee.cbx' found.

("C:\Program Files\MiKTeX 2.9\tex/latex/biblatex-ieee\ieee.cbx"
File: ieee.cbx 2020/02/26 v1.3b biblatex citation style
Package biblatex Info: Trying to load citation style 'numeric-comp'...
Package biblatex Info: ... file 'numeric-comp.cbx' found.

("C:\Program Files\MiKTeX 2.9\tex/latex/biblatex/cbx\numeric-comp.cbx"
File: numeric-comp.cbx 2019/12/01 v3.14 biblatex citation style (PK/MW)
\c@cbx@tempcnta=\count435
\c@cbx@tempcntb=\count436
Package biblatex Info: Redefining '\cite'.
Package biblatex Info: Redefining '\parencite'.
Package biblatex Info: Redefining '\footcite'.
Package biblatex Info: Redefining '\footcitetext'.
Package biblatex Info: Redefining '\smartcite'.
Package biblatex Info: Redefining '\supercite'.
Package biblatex Info: Redefining '\textcite'.
Package biblatex Info: Redefining '\textcites'.
Package biblatex Info: Redefining '\cites'.
Package biblatex Info: Redefining '\parencites'.
Package biblatex Info: Redefining '\smartcites'.
)
Package biblatex Info: Redefining '\cite'.
Package biblatex Info: Redefining '\cites'.
)
Package biblatex Info: Trying to load configuration file...
Package biblatex Info: ... file 'biblatex.cfg' found.

("C:\Program Files\MiKTeX 2.9\tex/latex/biblatex\biblatex.cfg"
File: biblatex.cfg 
))
Package csquotes Info: Checking for multilingual support...
Package csquotes Info: ... found 'babel' package.

("C:\Program Files\MiKTeX 2.9\tex/latex/l3backend\l3backend-pdfmode.def"
File: l3backend-pdfmode.def 2020-05-05 L3 backend support: PDF mode
\l__kernel_color_stack_int=\count437
\l__pdf_internal_box=\box60
)
No file TFG.aux.
\openout1 = `TFG.aux'.

LaTeX Font Info:    Checking defaults for OML/txmi/m/it on input line 194.
LaTeX Font Info:    Trying to load font information for OML+txmi on input line 
194.
("C:\Program Files\MiKTeX 2.9\tex/latex/txfonts\omltxmi.fd"
File: omltxmi.fd 2000/12/15 v3.1
)
LaTeX Font Info:    ... okay on input line 194.
LaTeX Font Info:    Checking defaults for OMS/txsy/m/n on input line 194.
LaTeX Font Info:    Trying to load font information for OMS+txsy on input line 
194.

("C:\Program Files\MiKTeX 2.9\tex/latex/txfonts\omstxsy.fd"
File: omstxsy.fd 2000/12/15 v3.1
)
LaTeX Font Info:    ... okay on input line 194.
LaTeX Font Info:    Checking defaults for OT1/cmr/m/n on input line 194.
LaTeX Font Info:    ... okay on input line 194.
LaTeX Font Info:    Checking defaults for T1/cmr/m/n on input line 194.
LaTeX Font Info:    ... okay on input line 194.
LaTeX Font Info:    Checking defaults for TS1/cmr/m/n on input line 194.
LaTeX Font Info:    ... okay on input line 194.
LaTeX Font Info:    Checking defaults for OMX/txex/m/n on input line 194.
LaTeX Font Info:    Trying to load font information for OMX+txex on input line 
194.

("C:\Program Files\MiKTeX 2.9\tex/latex/txfonts\omxtxex.fd"
File: omxtxex.fd 2000/12/15 v3.1
)
LaTeX Font Info:    ... okay on input line 194.
LaTeX Font Info:    Checking defaults for U/txexa/m/n on input line 194.
LaTeX Font Info:    Trying to load font information for U+txexa on input line 1
94.

("C:\Program Files\MiKTeX 2.9\tex/latex/txfonts\utxexa.fd"
File: utxexa.fd 2000/12/15 v3.1
)
LaTeX Font Info:    ... okay on input line 194.
LaTeX Font Info:    Checking defaults for PD1/pdf/m/n on input line 194.
LaTeX Font Info:    ... okay on input line 194.
LaTeX Font Info:    Checking defaults for PU/pdf/m/n on input line 194.
LaTeX Font Info:    ... okay on input line 194.

*geometry* driver: auto-detecting
*geometry* detected driver: pdftex
*geometry* verbose mode - [ preamble ] result:
* driver: pdftex
* paper: a4paper
* layout: <same size as paper>
* layoutoffset:(h,v)=(0.0pt,0.0pt)
* modes: 
* h-part:(L,W,R)=(85.35826pt, 426.79135pt, 85.35826pt)
* v-part:(T,H,B)=(71.13188pt, 702.78308pt, 71.13188pt)
* \paperwidth=597.50787pt
* \paperheight=845.04684pt
* \textwidth=426.79135pt
* \textheight=702.78308pt
* \oddsidemargin=13.08827pt
* \evensidemargin=13.08827pt
* \topmargin=-38.1381pt
* \headheight=12.0pt
* \headsep=25.0pt
* \topskip=12.0pt
* \footskip=30.0pt
* \marginparwidth=44.0pt
* \marginparsep=10.0pt
* \columnsep=10.0pt
* \skip\footins=10.8pt plus 4.0pt minus 2.0pt
* \hoffset=0.0pt
* \voffset=0.0pt
* \mag=1000
* \@twocolumnfalse
* \@twosidefalse
* \@mparswitchfalse
* \@reversemarginfalse
* (1in=72.27pt=25.4mm, 1cm=28.453pt)

("C:\Program Files\MiKTeX 2.9\tex/context/base/mkii\supp-pdf.mkii"
[Loading MPS to PDF converter (version 2006.09.02).]
\scratchcounter=\count438
\scratchdimen=\dimen186
\scratchbox=\box61
\nofMPsegments=\count439
\nofMParguments=\count440
\everyMPshowfont=\toks43
\MPscratchCnt=\count441
\MPscratchDim=\dimen187
\MPnumerator=\count442
\makeMPintoPDFobject=\count443
\everyMPtoPDFconversion=\toks44
) ("C:\Program Files\MiKTeX 2.9\tex/latex/epstopdf-pkg\epstopdf-base.sty"
Package: epstopdf-base 2020-01-24 v2.11 Base part for package epstopdf

("C:\Program Files\MiKTeX 2.9\tex/latex/grfext\grfext.sty"
Package: grfext 2019/12/03 v1.3 Manage graphics extensions (HO)
)
Package epstopdf-base Info: Redefining graphics rule for `.eps' on input line 4
85.
Package grfext Info: Graphics extension search list:
(grfext)             [.pdf,.png,.jpg,.mps,.jpeg,.jbig2,.jb2,.PDF,.PNG,.JPG,.JPE
G,.JBIG2,.JB2,.eps]
(grfext)             \AppendGraphicsExtensions on input line 504.
)
ABD: EveryShipout initializing macros
\AtBeginShipoutBox=\box62
Package hyperref Info: Link coloring ON on input line 194.

("C:\Program Files\MiKTeX 2.9\tex/latex/hyperref\nameref.sty"
Package: nameref 2019/09/16 v2.46 Cross-referencing by name of section

("C:\Program Files\MiKTeX 2.9\tex/latex/refcount\refcount.sty"
Package: refcount 2019/12/15 v3.6 Data extraction from label references (HO)
)
("C:\Program Files\MiKTeX 2.9\tex/generic/gettitlestring\gettitlestring.sty"
Package: gettitlestring 2019/12/15 v1.6 Cleanup title references (HO)
)
\c@section@level=\count444
)
LaTeX Info: Redefining \ref on input line 194.
LaTeX Info: Redefining \pageref on input line 194.
LaTeX Info: Redefining \nameref on input line 194.
\@outlinefile=\write5
\openout5 = `TFG.out'.

LaTeX Info: Redefining \. on input line 194.
LaTeX Info: Redefining \% on input line 194.
Package caption Info: Begin \AtBeginDocument code.
Package caption Info: subfig package v1.3 is loaded.
Package caption Info: float package is loaded.
Package caption Info: floatrow package is loaded.
Package caption Info: listings package is loaded.
Package caption Info: longtable package is loaded.

("C:\Program Files\MiKTeX 2.9\tex/latex/caption\ltcaption.sty"
Package: ltcaption 2018/08/26 v1.4a longtable captions (AR)
)
Package caption Info: Fixing longtable code of `floatrow' package.
Package caption Info: End \AtBeginDocument code.

("C:\Program Files\MiKTeX 2.9\tex/latex/floatrow\fr-subfig.sty"
Package: fr-subfig 2007/12/24 v0.1g (beta) floatrow: additions for subfig
\FBsc@max=\skip118
\FBso@max=\skip119
)
("C:\Program Files\MiKTeX 2.9\tex/latex/floatrow\fr-longtable.sty"
Package: fr-longtable 2007/11/28 v0.1b (beta) floatrow: additions for longtable

\flrow@LT@lasthead=\box63
\flrow@LT@prelastfoot=\box64
\c@FBLTpage=\count445
)
\c@lstlisting=\count446
Package biblatex Info: Trying to load language 'spanish'...
Package biblatex Info: ... file 'spanish.lbx' found.

("C:\Program Files\MiKTeX 2.9\tex/latex/biblatex/lbx\spanish.lbx"
File: spanish.lbx 2019/12/01 v3.14 biblatex localization (PK/MW)
)
Package biblatex Info: Input encoding 'utf8' detected.
Package biblatex Info: Automatic encoding selection.
(biblatex)             Assuming data encoding 'utf8'.
Package biblatex Info: Input encoding 'utf8' specified.
Package biblatex Info: Data encoding 'utf8' specified.
(biblatex)             No need to reencode data.
\openout4 = `TFG-blx.bib'.

Package biblatex Info: Trying to load bibliographic data...
Package biblatex Info: ... file 'TFG.bbl' not found.

No file TFG.bbl.
Package biblatex Info: Reference section=0 on input line 194.
Package biblatex Info: Reference segment=0 on input line 194.
LaTeX Font Info:    Trying to load font information for T1+txss on input line 2
01.
("C:\Program Files\MiKTeX 2.9\tex/latex/txfonts\t1txss.fd"
File: t1txss.fd 2000/12/15 v3.1
)
LaTeX Font Info:    Font shape `T1/txss/m/n' will be
(Font)              scaled to size 11.39996pt on input line 201.
<images/logo_ingenieros.png, id=6, 560.0925pt x 266.49562pt>
File: images/logo_ingenieros.png Graphic file (type png)
<use images/logo_ingenieros.png>
Package pdftex.def Info: images/logo_ingenieros.png  used on input line 205.
(pdftex.def)             Requested size: 227.62204pt x 108.30423pt.
LaTeX Font Info:    Font shape `T1/txss/m/n' will be
(Font)              scaled to size 16.41594pt on input line 208.
LaTeX Font Info:    Font shape `T1/txss/m/sl' will be
(Font)              scaled to size 16.41594pt on input line 212.
LaTeX Font Info:    Font shape `T1/txss/m/n' will be
(Font)              scaled to size 23.63593pt on input line 216.
LaTeX Font Info:    Font shape `T1/txss/m/n' will be
(Font)              scaled to size 19.70294pt on input line 220.
<images/creativecommons.png, id=8, 338.76563pt x 118.19156pt>
File: images/creativecommons.png Graphic file (type png)
<use images/creativecommons.png>
Package pdftex.def Info: images/creativecommons.png  used on input line 231.
(pdftex.def)             Requested size: 119.50148pt x 41.69228pt.
LaTeX Font Info:    Font shape `T1/txss/b/n' in size <12> not available
(Font)              Font shape `T1/txss/bx/n' tried instead on input line 232.
LaTeX Font Info:    Font shape `T1/txss/bx/n' will be
(Font)              scaled to size 11.39996pt on input line 232.
 [1

 <C:/Users/paco/0_TFG/tfg/images/logo_ingenieros.png>] [2 <C:/Users/paco/0_TFG/
tfg/images/creativecommons.png>]pdfTeX warning (ext4): destination with the sam
e identifier (name{page.I}) has been already used, duplicate ignored
<to be read again> 
                   \relax 
l.244 \begin{abstract}
                       [1]
LaTeX Font Info:    Font shape `T1/txr/b/n' in size <12> not available
(Font)              Font shape `T1/txr/bx/n' tried instead on input line 244.
LaTeX Font Info:    Font shape `T1/txr/b/n' in size <14.4> not available
(Font)              Font shape `T1/txr/bx/n' tried instead on input line 244.
 [3]pdfTeX warning (ext4): destination with the same identifier (name{page.I}) 
has been already used, duplicate ignored
<to be read again> 
                   \relax 
l.262 \chapter
              *{Dedicatoria} [1] [5

] [6]
\tf@toc=\write6
\openout6 = `TFG.toc'.

 [7

] [8]
\tf@lof=\write7
\openout7 = `TFG.lof'.

 [9

] [10]
\tf@lot=\write8
\openout8 = `TFG.lot'.

 [11

] [12]
(C:/Users/paco/0_TFG/tfg\chapters/ch01.tex
Cap\'{\i }tulo 1.
[1


]

LaTeX Warning: Citation 'islamComprehensiveReviewStateoftheart2018' on page 2 u
ndefined on input line 21.


LaTeX Warning: Citation 'Protermosolar' on page 2 undefined on input line 21.


Overfull \hbox (30.39665pt too wide) in paragraph at lines 21--22
\T1/txr/m/n/12 ope-ra-ción y en cons-truc-ción en to-do el mun-do [].
 []


Overfull \hbox (4.95598pt too wide) in paragraph at lines 21--22
\T1/txr/m/n/12 En Es-pa-ña ac-tual-men-te hay me-dio cen-te-nar de cen-tra-les 
CCP en ope-ra-ción [],
 []

<images/torre.png, id=82, 426.84468pt x 252.945pt>
File: images/torre.png Graphic file (type png)
<use images/torre.png>
Package pdftex.def Info: images/torre.png  used on input line 27.
(pdftex.def)             Requested size: 213.39568pt x 126.4606pt.

LaTeX Warning: Citation 'Protermosolar' on page 2 undefined on input line 27.

LaTeX Font Info:    Font shape `T1/txr/b/n' in size <10> not available
(Font)              Font shape `T1/txr/bx/n' tried instead on input line 27.

LaTeX Warning: Citation 'Protermosolar' on page 2 undefined on input line 27.

<images/disco.png, id=83, 426.84468pt x 229.60782pt>
File: images/disco.png Graphic file (type png)
<use images/disco.png>
Package pdftex.def Info: images/disco.png  used on input line 30.
(pdftex.def)             Requested size: 213.39568pt x 114.7931pt.

LaTeX Warning: Citation 'Protermosolar' on page 2 undefined on input line 30.


Underfull \hbox (badness 5607) in paragraph at lines 30--30
[][]|\T1/txr/m/n/10 Con-cen-tra-do-res de Dis-co Pa-ra-bó-li-co. Fuen-te
 []


LaTeX Warning: Citation 'Protermosolar' on page 2 undefined on input line 30.


Underfull \hbox (badness 5607) in paragraph at lines 30--30
[][]|\T1/txr/m/n/10 Con-cen-tra-do-res de Dis-co Pa-ra-bó-li-co. Fuen-te
 []


Overfull \hbox (9.0pt too wide) in paragraph at lines 27--31
 [][][][] 
 []

<images/ccp.png, id=84, 324.2295pt x 319.302pt>
File: images/ccp.png Graphic file (type png)
<use images/ccp.png>
Package pdftex.def Info: images/ccp.png  used on input line 34.
(pdftex.def)             Requested size: 213.39568pt x 210.1553pt.
<images/fresnel.png, id=85, 426.09187pt x 319.1925pt>
File: images/fresnel.png Graphic file (type png)
<use images/fresnel.png>
Package pdftex.def Info: images/fresnel.png  used on input line 37.
(pdftex.def)             Requested size: 213.39568pt x 159.85886pt.

LaTeX Warning: Citation 'Protermosolar' on page 2 undefined on input line 37.


Underfull \hbox (badness 10000) in paragraph at lines 37--37
[][]|\T1/txr/m/n/10 Con-cen-tra-dor de ti-po Fres-nel. Fuen-te
 []


LaTeX Warning: Citation 'Protermosolar' on page 2 undefined on input line 37.


Underfull \hbox (badness 10000) in paragraph at lines 37--37
[][]|\T1/txr/m/n/10 Con-cen-tra-dor de ti-po Fres-nel. Fuen-te
 []


Overfull \hbox (6.0pt too wide) in paragraph at lines 34--38
 [][][][] 
 []

[2] [3 <C:/Users/paco/0_TFG/tfg/images/torre.png> <C:/Users/paco/0_TFG/tfg/imag
es/disco.png> <C:/Users/paco/0_TFG/tfg/images/ccp.png> <C:/Users/paco/0_TFG/tfg
/images/fresnel.png>]
<images/entrada_salida_lazo2_texto.png, id=101, 3131.7pt x 2348.775pt>
File: images/entrada_salida_lazo2_texto.png Graphic file (type png)
<use images/entrada_salida_lazo2_texto.png>
Package pdftex.def Info: images/entrada_salida_lazo2_texto.png  used on input l
ine 50.
(pdftex.def)             Requested size: 384.1096pt x 288.07689pt.
<images/perfil_sca_2_texto.png, id=102, 3131.7pt x 4174.797pt>
File: images/perfil_sca_2_texto.png Graphic file (type png)
<use images/perfil_sca_2_texto.png>
Package pdftex.def Info: images/perfil_sca_2_texto.png  used on input line 57.
(pdftex.def)             Requested size: 384.1096pt x 512.03821pt.
 [4 <C:/Users/paco/0_TFG/tfg/images/entrada_salida_lazo2_texto.png>] [5 <C:/Use
rs/paco/0_TFG/tfg/images/perfil_sca_2_texto.png>] [6])
(C:/Users/paco/0_TFG/tfg\chapters/ch02.tex [7]
Cap\'{\i }tulo 2.
LaTeX Font Info:    Trying to load font information for OT1+txr on input line 4
.
("C:\Program Files\MiKTeX 2.9\tex/latex/txfonts\ot1txr.fd"
File: ot1txr.fd 2000/12/15 v3.1
)
LaTeX Font Info:    Trying to load font information for U+txsya on input line 4
.

("C:\Program Files\MiKTeX 2.9\tex/latex/txfonts\utxsya.fd"
File: utxsya.fd 2000/12/15 v3.1
)
LaTeX Font Info:    Trying to load font information for U+txsyb on input line 4
.

("C:\Program Files\MiKTeX 2.9\tex/latex/txfonts\utxsyb.fd"
File: utxsyb.fd 2000/12/15 v3.1
)
LaTeX Font Info:    Trying to load font information for U+txmia on input line 4
.

("C:\Program Files\MiKTeX 2.9\tex/latex/txfonts\utxmia.fd"
File: utxmia.fd 2000/12/15 v3.1
)
LaTeX Font Info:    Trying to load font information for U+txsyc on input line 4
.

("C:\Program Files\MiKTeX 2.9\tex/latex/txfonts\utxsyc.fd"
File: utxsyc.fd 2000/12/15 v3.1
)

Package hyperref Warning: Token not allowed in a PDF string (Unicode):
(hyperref)                removing `math shift' on input line 4.


Package hyperref Warning: Token not allowed in a PDF string (Unicode):
(hyperref)                removing `superscript' on input line 4.


Package hyperref Warning: Token not allowed in a PDF string (Unicode):
(hyperref)                removing `math shift' on input line 4.


LaTeX Warning: Citation 'barberofresnoDesarrolloModeloTeorico2018' on page 8 un
defined on input line 8.

[8

]

LaTeX Warning: Reference `eq:balance_receptor' on page 9 undefined on input lin
e 12.


LaTeX Warning: Reference `fig:receptormodelo' on page 9 undefined on input line
 18.


LaTeX Warning: Citation 'barberofresnoDesarrolloModeloTeorico2018' on page 9 un
defined on input line 21.

LaTeX Font Info:    Font shape `T1/txr/b/n' in size <10.95> not available
(Font)              Font shape `T1/txr/bx/n' tried instead on input line 21.

Underfull \hbox (badness 10000) in paragraph at lines 21--21
[][]|\T1/txr/m/n/10.95 Es-que-ma del re-cep-tor em-plea-do pa-ra el mo-de-lo.
 []

<images/receptor_para_modelo.png, id=137, 371.13657pt x 242.40562pt>
File: images/receptor_para_modelo.png Graphic file (type png)
<use images/receptor_para_modelo.png>
Package pdftex.def Info: images/receptor_para_modelo.png  used on input line 22
.
(pdftex.def)             Requested size: 296.90965pt x 193.92474pt.

LaTeX Warning: Reference `eq:qabs' on page 9 undefined on input line 27.


LaTeX Warning: Reference `eq:qu' on page 9 undefined on input line 33.

[9 <C:/Users/paco/0_TFG/tfg/images/receptor_para_modelo.png>]

LaTeX Warning: Reference `eq:urec' on page 10 undefined on input line 39.


LaTeX Warning: Reference `eq:qperd' on page 10 undefined on input line 47.


LaTeX Warning: Reference `eq:deltaT' on page 10 undefined on input line 55.

LaTeX Font Info:    Trying to load font information for TS1+txr on input line 5
5.
("C:\Program Files\MiKTeX 2.9\tex/latex/txfonts\ts1txr.fd"
File: ts1txr.fd 2000/12/15 v3.1
)
Underfull \hbox (badness 10000) in paragraph at lines 59--60

 []

[10]

LaTeX Warning: Reference `eq:rendimientolocal' on page 11 undefined on input li
ne 61.


LaTeX Warning: Reference `eq:rendimientointegral' on page 11 undefined on input
 line 61.


LaTeX Warning: Reference `eq:etax' on page 11 undefined on input line 71.


LaTeX Warning: Reference `eq:rendimientonormalizado' on page 11 undefined on in
put line 77.


LaTeX Warning: Reference `eq:modelocompleto' on page 11 undefined on input line
 83.


Overfull \hbox (8.60263pt too wide) detected at line 88
\OML/txmi/m/it/12 \OT1/txr/m/n/12 (\OML/txmi/m/it/12 x[]\OT1/txr/m/n/12 ) = []
 \OMS/txsy/m/n/12  []  []   []  []  \OML/txmi/m/it/12 NTU[] \OMS/txsy/m/n/1
2  \OML/txmi/m/it/12 x[] \OMS/txsy/m/n/12   []  []  \OML/txmi/m/it/12 NTU[] 
\OMS/txsy/m/n/12  \OML/txmi/m/it/12 x[]
 []

[11]

LaTeX Warning: Reference `eq:uext' on page 12 undefined on input line 150.

[12]

LaTeX Warning: Citation 'barberofresnoDesarrolloModeloTeorico2018' on page 13 u
ndefined on input line 157.


LaTeX Warning: Citation 'burkholderHeatLossTestingSolel2008' on page 13 undefin
ed on input line 157.


LaTeX Warning: Citation 'burkholderHeatLossTesting2009' on page 13 undefined on
 input line 157.


LaTeX Warning: Citation 'kutscherGenerationParabolicTrough2012' on page 13 unde
fined on input line 157.


Overfull \hbox (47.53264pt too wide) in paragraph at lines 157--158
[] \T1/txr/m/n/12 a par-tir de [],
 []


LaTeX Warning: Reference `eq:primerorden' on page 13 undefined on input line 16
3.


LaTeX Warning: Reference `eq:rendimiento0' on page 13 undefined on input line 1
63.


LaTeX Warning: Reference `eq:rendimiento0aproximado' on page 13 undefined on in
put line 163.

[13]

LaTeX Warning: Citation 'hottelEvaluationFlatplateSolar1955' on page 14 undefin
ed on input line 187.


LaTeX Warning: Reference `eq:modelosimplificado' on page 14 undefined on input 
line 197.


LaTeX Warning: Citation 'hottelEvaluationFlatplateSolar1955' on page 14 undefin
ed on input line 208.


LaTeX Warning: Citation 'fraidenraichImprovedSolutionsTemperature1997a' on page
 14 undefined on input line 208.


Overfull \hbox (129.3126pt too wide) in paragraph at lines 208--209
\T1/txr/m/n/12 co-mo por ejem-plo en [] o [],
 []

[14]

LaTeX Warning: Reference `eq:ucrit' on page 15 undefined on input line 221.


LaTeX Warning: Reference `eq:qcrit' on page 15 undefined on input line 221.

) (C:/Users/paco/0_TFG/tfg\chapters/ch03.tex [15]
Cap\'{\i }tulo 3.
[16

]
LaTeX Font Info:    Trying to load font information for T1+txtt on input line 2
0.
 ("C:\Program Files\MiKTeX 2.9\tex/latex/txfonts\t1txtt.fd"
File: t1txtt.fd 2000/12/15 v3.1
)
Overfull \hbox (27.85153pt too wide) in paragraph at lines 30--30
|[]\T1/txr/bx/n/12 Clases de-ri-va-das de Mo-del: Cla-se Mo-del-Bar-be-ro4thGra
de, Mo-del-Bar-be-ro1stGrade
 []

[17]

LaTeX Warning: Reference `eq:tro' on page 18 undefined on input line 41.


LaTeX Warning: Reference `eq:qperd' on page 18 undefined on input line 49.


LaTeX Warning: Reference `eq:qperdidassoportes' on page 18 undefined on input l
ine 49.


LaTeX Warning: Reference `eq:qcrit' on page 18 undefined on input line 51.


LaTeX Warning: Reference `eq:ucrit' on page 18 undefined on input line 51.


LaTeX Warning: Reference `eq:f1' on page 18 undefined on input line 53.


LaTeX Warning: Reference `eq:f4' on page 18 undefined on input line 53.


LaTeX Warning: Reference `eq:f0' on page 18 undefined on input line 53.


LaTeX Warning: Reference `eq:rendimiento0' on page 18 undefined on input line 5
5.


LaTeX Warning: Reference `eq:rendimiento0aproximado' on page 18 undefined on in
put line 55.

[18]

LaTeX Warning: Reference `eq:zeta' on page 19 undefined on input line 57.


LaTeX Warning: Reference `eq:g3primadezeta' on page 19 undefined on input line 
57.


LaTeX Warning: Reference `eq:modelocompleto' on page 19 undefined on input line
 59.


LaTeX Warning: Citation '1022085/7TD8VTGL' on page 19 undefined on input line 6
7.


LaTeX Warning: Citation '1022085/CYH3NJEG' on page 19 undefined on input line 6
7.


LaTeX Warning: Reference `eq:primerorden' on page 19 undefined on input line 71
.


LaTeX Warning: Reference `eq:modelosimplificado' on page 19 undefined on input 
line 71.

[19]
Overfull \hbox (2.2426pt too wide) in paragraph at lines 90--93
[]\T1/txr/m/n/12 qlost_brackets = Po-ten-cia ca-lo-rí-fi-ca per-di-da a tra-vés
 de los so-por-tes del HCE $\OT1/txr/m/n/12 (\OML/txmi/m/it/12 W=m[]\OT1/txr/m/
n/12 )$ 
 []

[20]

LaTeX Warning: Reference `eq:krec' on page 21 undefined on input line 111.


LaTeX Warning: Reference `eq:hint' on page 21 undefined on input line 122.


LaTeX Warning: Reference `eq:nug' on page 21 undefined on input line 122.


LaTeX Warning: Reference `eq:urec' on page 21 undefined on input line 137.

[21]

LaTeX Warning: Reference `eq:cg' on page 22 undefined on input line 153.


LaTeX Warning: Reference `eq:rendimientooptico' on page 22 undefined on input l
ine 165.


LaTeX Warning: Reference `eq:rendimientoopticopico' on page 22 undefined on inp
ut line 173.


LaTeX Warning: Reference `eq:rendimientoopticopico' on page 22 undefined on inp
ut line 182.

[22]

LaTeX Warning: Reference `eq:bordes' on page 23 undefined on input line 186.


LaTeX Warning: Reference `eq:sombras' on page 23 undefined on input line 196.


LaTeX Warning: Reference `eq:delta_h' on page 23 undefined on input line 203.


LaTeX Warning: Reference `eq:delta_hvalor' on page 23 undefined on input line 2
10.

[23]

LaTeX Warning: Reference `eq:delta_h' on page 24 undefined on input line 217.


LaTeX Warning: Citation '1022085/XAQ9AM5E' on page 24 undefined on input line 2
19.


LaTeX Warning: Reference `eq:delta_hvalornegativo' on page 24 undefined on inpu
t line 219.


LaTeX Warning: Reference `eq:eext' on page 24 undefined on input line 228.


LaTeX Warning: Citation '1022085/7TD8VTGL' on page 24 undefined on input line 2
36.


LaTeX Warning: Citation '1022085/7TD8VTGL' on page 24 undefined on input line 2
40.

[24]

LaTeX Warning: Reference `eq:qperdidassoportes' on page 25 undefined on input l
ine 242.


LaTeX Warning: Citation '1022085/CYH3NJEG' on page 25 undefined on input line 2
42.

[25] [26]

LaTeX Warning: Reference `eq:iam' on page 27 undefined on input line 278.


LaTeX Warning: Reference `eq:fraccionsolar' on page 27 undefined on input line 
288.


LaTeX Warning: Citation '1022085/95AM6AQN' on page 27 undefined on input line 2
97.


LaTeX Warning: Citation '1022085/GUC54R5I' on page 27 undefined on input line 2
97.

[27] [28] [29] [30]

LaTeX Warning: Reference `eq:polinomiohtf' on page 31 undefined on input line 3
54.


LaTeX Warning: Command \' invalid in math mode on input line 357.

Missing character: There is no á in font txr!
[31]
<images/curva_densidad.png, id=298, 368.1253pt x 224.33812pt>
File: images/curva_densidad.png Graphic file (type png)
<use images/curva_densidad.png>
Package pdftex.def Info: images/curva_densidad.png  used on input line 364.
(pdftex.def)             Requested size: 294.50064pt x 179.47073pt.
<images/curva_viscosidad.png, id=299, 398.99063pt x 241.65282pt>
File: images/curva_viscosidad.png Graphic file (type png)
<use images/curva_viscosidad.png>
Package pdftex.def Info: images/curva_viscosidad.png  used on input line 370.
(pdftex.def)             Requested size: 319.19293pt x 193.32251pt.
<images/curva_conductividad_termica.png, id=300, 399.74344pt x 241.65282pt>
File: images/curva_conductividad_termica.png Graphic file (type png)
<use images/curva_conductividad_termica.png>
Package pdftex.def Info: images/curva_conductividad_termica.png  used on input 
line 376.
(pdftex.def)             Requested size: 319.79517pt x 193.32251pt.


LaTeX Warning: `!h' float specifier changed to `!ht'.

<images/curva_entalpia.png, id=301, 398.99063pt x 241.65282pt>
File: images/curva_entalpia.png Graphic file (type png)
<use images/curva_entalpia.png>
Package pdftex.def Info: images/curva_entalpia.png  used on input line 382.
(pdftex.def)             Requested size: 319.19293pt x 193.32251pt.

LaTeX Warning: `!h' float specifier changed to `!ht'.

<images/curva_temperatura_entalpia.png, id=302, 398.99063pt x 241.65282pt>
File: images/curva_temperatura_entalpia.png Graphic file (type png)
<use images/curva_temperatura_entalpia.png>
Package pdftex.def Info: images/curva_temperatura_entalpia.png  used on input l
ine 388.
(pdftex.def)             Requested size: 319.19293pt x 193.32251pt.

LaTeX Warning: `!h' float specifier changed to `!ht'.


LaTeX Warning: Citation 'richardl.mooreImplementationDOWTHERMProperties2010' on
 page 32 undefined on input line 393.


LaTeX Warning: Citation 'machadoProductTechnicalData' on page 32 undefined on i
nput line 393.


Overfull \hbox (69.3967pt too wide) in paragraph at lines 393--394
\T1/txr/m/n/12 ca-rac-te-ri-zan ca-da pa-rá-me-tro a par-tir de []
 []


Overfull \hbox (8.26866pt too wide) in paragraph at lines 393--394
\T1/txr/m/n/12 y se han con-tras-ta-do las cur-vas con los da-tos ofre-ci-dos e
n [].
 []

[32 <C:/Users/paco/0_TFG/tfg/images/curva_densidad.png> <C:/Users/paco/0_TFG/tf
g/images/curva_viscosidad.png>] [33 <C:/Users/paco/0_TFG/tfg/images/curva_condu
ctividad_termica.png> <C:/Users/paco/0_TFG/tfg/images/curva_entalpia.png>]
[34 <C:/Users/paco/0_TFG/tfg/images/curva_temperatura_entalpia.png>]

Package longtable Warning: Column widths have changed
(longtable)                in table 3.1 on input line 423.


Package longtable Warning: Column widths have changed
(longtable)                in table 3.2 on input line 454.

[35] [36] [37] [38] [39]

LaTeX Warning: Citation 'freemanSystemAdvisorModel2018' on page 40 undefined on
 input line 537.

[40]

LaTeX Warning: Reference `fig:captura01' on page 41 undefined on input line 548
.

<images/captura_sam_iph01.png, id=357, 828.09375pt x 738.50906pt>
File: images/captura_sam_iph01.png Graphic file (type png)
<use images/captura_sam_iph01.png>
Package pdftex.def Info: images/captura_sam_iph01.png  used on input line 551.
(pdftex.def)             Requested size: 384.1096pt x 342.55801pt.

LaTeX Warning: `!h' float specifier changed to `!ht'.


LaTeX Warning: Reference `fig:captura02' on page 41 undefined on input line 557
.

<images/captura_sam_iph02.png, id=358, 816.04875pt x 251.43938pt>
File: images/captura_sam_iph02.png Graphic file (type png)
<use images/captura_sam_iph02.png>
Package pdftex.def Info: images/captura_sam_iph02.png  used on input line 560.
(pdftex.def)             Requested size: 384.1096pt x 118.353pt.

LaTeX Warning: `!h' float specifier changed to `!ht'.


LaTeX Warning: `!h' float specifier changed to `!ht'.


LaTeX Warning: Reference `fig:captura03' on page 41 undefined on input line 588
.


LaTeX Warning: Reference `fig:capture04' on page 41 undefined on input line 588
.


LaTeX Warning: Reference `tab:configuracionHCE' on page 41 undefined on input l
ine 588.

File: images/captura_sam_iph02.png Graphic file (type png)
<use images/captura_sam_iph02.png>
Package pdftex.def Info: images/captura_sam_iph02.png  used on input line 592.
(pdftex.def)             Requested size: 384.1096pt x 118.353pt.

LaTeX Warning: `!h' float specifier changed to `!ht'.

<images/captura_sam_iph03.png, id=359, 807.015pt x 738.50906pt>
File: images/captura_sam_iph03.png Graphic file (type png)
<use images/captura_sam_iph03.png>
Package pdftex.def Info: images/captura_sam_iph03.png  used on input line 598.
(pdftex.def)             Requested size: 384.1096pt x 351.50539pt.

LaTeX Warning: `!h' float specifier changed to `!ht'.


LaTeX Warning: `!h' float specifier changed to `!ht'.


LaTeX Warning: Reference `fig:interface01' on page 41 undefined on input line 6
29.

[41]
<images/interface01.png, id=364, 599.99156pt x 490.08093pt>
File: images/interface01.png Graphic file (type png)
<use images/interface01.png>
Package pdftex.def Info: images/interface01.png  used on input line 632.
(pdftex.def)             Requested size: 384.1096pt x 313.75542pt.
 [42 <C:/Users/paco/0_TFG/tfg/images/captura_sam_iph01.png> <C:/Users/paco/0_TF
G/tfg/images/captura_sam_iph02.png>]

LaTeX Warning: `!h' float specifier changed to `!ht'.

<images/interface02.png, id=374, 599.99156pt x 490.08093pt>
File: images/interface02.png Graphic file (type png)
<use images/interface02.png>
Package pdftex.def Info: images/interface02.png  used on input line 640.
(pdftex.def)             Requested size: 384.1096pt x 313.75542pt.

LaTeX Warning: `!h' float specifier changed to `!ht'.


LaTeX Warning: Reference `fig:interface03' on page 43 undefined on input line 6
45.


LaTeX Warning: Reference `subclases-fluid' on page 43 undefined on input line 6
45.

<images/interface03.png, id=375, 599.99156pt x 488.57532pt>
File: images/interface03.png Graphic file (type png)
<use images/interface03.png>
Package pdftex.def Info: images/interface03.png  used on input line 648.
(pdftex.def)             Requested size: 384.1096pt x 312.7915pt.
[43]

LaTeX Warning: `!h' float specifier changed to `!ht'.


LaTeX Warning: Reference `fig:interface04' on page 44 undefined on input line 6
53.


LaTeX Warning: Reference `fig:interface05' on page 44 undefined on input line 6
53.

<images/interface04.png, id=382, 599.23875pt x 490.08093pt>
File: images/interface04.png Graphic file (type png)
<use images/interface04.png>
Package pdftex.def Info: images/interface04.png  used on input line 656.
(pdftex.def)             Requested size: 384.1096pt x 314.14427pt.

LaTeX Warning: `!h' float specifier changed to `!ht'.

<images/interface05.png, id=383, 596.2275pt x 461.47406pt>
File: images/interface05.png Graphic file (type png)
<use images/interface05.png>
Package pdftex.def Info: images/interface05.png  used on input line 662.
(pdftex.def)             Requested size: 384.1096pt x 297.29991pt.

LaTeX Warning: `!h' float specifier changed to `!ht'.


LaTeX Warning: Reference `tab:energia_anual' on page 44 undefined on input line
 674.

[44 <C:/Users/paco/0_TFG/tfg/images/captura_sam_iph03.png>] [45]

LaTeX Warning: Reference `fig:177caudal' on page 46 undefined on input line 693
.


LaTeX Warning: Reference `fig:177temperatura' on page 46 undefined on input lin
e 693.


LaTeX Warning: Reference `fig:176caudal' on page 46 undefined on input line 693
.


LaTeX Warning: Reference `fig:176temperatura' on page 46 undefined on input lin
e 693.

<images/177caudal.png, id=397, 613.54219pt x 374.14781pt>
File: images/177caudal.png Graphic file (type png)
<use images/177caudal.png>
Package pdftex.def Info: images/177caudal.png  used on input line 696.
(pdftex.def)             Requested size: 384.1096pt x 234.23572pt.
[46 <C:/Users/paco/0_TFG/tfg/images/interface01.png>]

LaTeX Warning: `!h' float specifier changed to `!ht'.

<images/177temperatura.png, id=404, 613.54219pt x 374.14781pt>
File: images/177temperatura.png Graphic file (type png)
<use images/177temperatura.png>
Package pdftex.def Info: images/177temperatura.png  used on input line 702.
(pdftex.def)             Requested size: 384.1096pt x 234.23572pt.

LaTeX Warning: `!h' float specifier changed to `!ht'.

<images/177potencia.png, id=405, 613.54219pt x 374.14781pt>
File: images/177potencia.png Graphic file (type png)
<use images/177potencia.png>
Package pdftex.def Info: images/177potencia.png  used on input line 708.
(pdftex.def)             Requested size: 384.1096pt x 234.23572pt.

LaTeX Warning: `!h' float specifier changed to `!ht'.


LaTeX Warning: `!h' float specifier changed to `!ht'.

<images/176caudal.png, id=406, 613.54219pt x 374.14781pt>
File: images/176caudal.png Graphic file (type png)
<use images/176caudal.png>
Package pdftex.def Info: images/176caudal.png  used on input line 757.
(pdftex.def)             Requested size: 384.1096pt x 234.23572pt.

LaTeX Warning: `!h' float specifier changed to `!ht'.

<images/176temperatura.png, id=407, 613.54219pt x 374.14781pt>
File: images/176temperatura.png Graphic file (type png)
<use images/176temperatura.png>
Package pdftex.def Info: images/176temperatura.png  used on input line 763.
(pdftex.def)             Requested size: 384.1096pt x 234.23572pt.

LaTeX Warning: `!h' float specifier changed to `!ht'.

<images/176potencia.png, id=408, 613.54219pt x 374.14781pt>
File: images/176potencia.png Graphic file (type png)
<use images/176potencia.png>
Package pdftex.def Info: images/176potencia.png  used on input line 769.
(pdftex.def)             Requested size: 384.1096pt x 234.23572pt.

LaTeX Warning: `!h' float specifier changed to `!ht'.


LaTeX Warning: `!h' float specifier changed to `!ht'.

) (C:/Users/paco/0_TFG/tfg\chapters/ch04.tex [47 <C:/Users/paco/0_TFG/tfg/image
s/interface02.png>] [48 <C:/Users/paco/0_TFG/tfg/images/interface03.png> <C:/Us
ers/paco/0_TFG/tfg/images/interface04.png>] [49 <C:/Users/paco/0_TFG/tfg/images
/interface05.png> <C:/Users/paco/0_TFG/tfg/images/177caudal.png>] [50 <C:/Users
/paco/0_TFG/tfg/images/177temperatura.png> <C:/Users/paco/0_TFG/tfg/images/177p
otencia.png>] [51] [52 <C:/Users/paco/0_TFG/tfg/images/176caudal.png> <C:/Users
/paco/0_TFG/tfg/images/176temperatura.png>] [53 <C:/Users/paco/0_TFG/tfg/images
/176potencia.png>] [54]
Cap\'{\i }tulo 4.

Package hyperref Warning: Token not allowed in a PDF string (Unicode):
(hyperref)                removing `math shift' on input line 9.


Package hyperref Warning: Token not allowed in a PDF string (Unicode):
(hyperref)                removing `math shift' on input line 9.


LaTeX Warning: Reference `tab:datos_hces' on page 55 undefined on input line 11
.


LaTeX Warning: Reference `eq:eext' on page 55 undefined on input line 11.


LaTeX Warning: Citation 'barberofresnoDesarrolloModeloTeorico2018' on page 55 u
ndefined on input line 11.

! Missing $ inserted.
<inserted text> 
                $
l.31 }
      
? 
! Missing $ inserted.
<inserted text> 
                $
l.31 }
      
? 
! Missing $ inserted.
<inserted text> 
                $
l.31 }
      
? 
! Missing $ inserted.
<inserted text> 
                $
l.31 }
      
? 

Overfull \hbox (2.364pt too wide) in paragraph at lines 31--31
 []\T1/txr/m/n/12 Absortividad 
 []


LaTeX Warning: Reference `tab:rendimiento_hce_dni' on page 55 undefined on inpu
t line 38.


LaTeX Warning: `!h' float specifier changed to `!ht'.


LaTeX Warning: Reference `fig:test1a' on page 55 undefined on input line 67.

<images/resultados_test1a.png, id=461, 385.44pt x 334.24875pt>
File: images/resultados_test1a.png Graphic file (type png)
<use images/resultados_test1a.png>
Package pdftex.def Info: images/resultados_test1a.png  used on input line 70.
(pdftex.def)             Requested size: 384.1096pt x 333.09526pt.
[55

] [56 <C:/Users/paco/0_TFG/tfg/images/resultados_test1a.png>]
<images/resultados_test2a.png, id=478, 385.44pt x 334.24875pt>
File: images/resultados_test2a.png Graphic file (type png)
<use images/resultados_test2a.png>
Package pdftex.def Info: images/resultados_test2a.png  used on input line 118.
(pdftex.def)             Requested size: 384.1096pt x 333.09526pt.


LaTeX Warning: `!h' float specifier changed to `!ht'.


LaTeX Warning: `!h' float specifier changed to `!ht'.

<images/temperaturas_modelos.png, id=479, 546.54187pt x 342.5297pt>
File: images/temperaturas_modelos.png Graphic file (type png)
<use images/temperaturas_modelos.png>
Package pdftex.def Info: images/temperaturas_modelos.png  used on input line 17
1.
(pdftex.def)             Requested size: 384.1096pt x 240.73083pt.

LaTeX Warning: `!h' float specifier changed to `!ht'.


LaTeX Warning: `!h' float specifier changed to `!ht'.

<images/caudales_modelos.png, id=480, 548.80031pt x 341.77687pt>
File: images/caudales_modelos.png Graphic file (type png)
<use images/caudales_modelos.png>
Package pdftex.def Info: images/caudales_modelos.png  used on input line 219.
(pdftex.def)             Requested size: 384.1096pt x 239.2161pt.

LaTeX Warning: `!h' float specifier changed to `!ht'.


LaTeX Warning: `!h' float specifier changed to `!ht'.

<images/potencias_modelos.png, id=481, 548.80031pt x 341.77687pt>
File: images/potencias_modelos.png Graphic file (type png)
<use images/potencias_modelos.png>
Package pdftex.def Info: images/potencias_modelos.png  used on input line 267.
(pdftex.def)             Requested size: 384.1096pt x 239.2161pt.

LaTeX Warning: `!h' float specifier changed to `!ht'.


LaTeX Warning: Float too large for page by 70.8861pt on input line 310.


LaTeX Warning: `!h' float specifier changed to `!ht'.

<images/rendimientos_modelos.png, id=482, 548.80031pt x 342.5297pt>
File: images/rendimientos_modelos.png Graphic file (type png)
<use images/rendimientos_modelos.png>
Package pdftex.def Info: images/rendimientos_modelos.png  used on input line 31
3.
(pdftex.def)             Requested size: 384.1096pt x 239.74301pt.

LaTeX Warning: `!h' float specifier changed to `!ht'.

<images/malla0405.png, id=483, 455.45157pt x 350.81062pt>
File: images/malla0405.png Graphic file (type png)
<use images/malla0405.png>
Package pdftex.def Info: images/malla0405.png  used on input line 323.
(pdftex.def)             Requested size: 384.1096pt x 295.86725pt.

LaTeX Warning: `!h' float specifier changed to `!ht'.

<images/malla4860.png, id=484, 456.20438pt x 350.81062pt>
File: images/malla4860.png Graphic file (type png)
<use images/malla4860.png>
Package pdftex.def Info: images/malla4860.png  used on input line 329.
(pdftex.def)             Requested size: 384.1096pt x 295.38014pt.

LaTeX Warning: `!h' float specifier changed to `!ht'.

<images/malla7290.png, id=485, 456.20438pt x 350.81062pt>
File: images/malla7290.png Graphic file (type png)
<use images/malla7290.png>
Package pdftex.def Info: images/malla7290.png  used on input line 335.
(pdftex.def)             Requested size: 384.1096pt x 295.38014pt.

LaTeX Warning: `!h' float specifier changed to `!ht'.

<images/malla14580.png, id=486, 456.20438pt x 350.81062pt>
File: images/malla14580.png Graphic file (type png)
<use images/malla14580.png>
Package pdftex.def Info: images/malla14580.png  used on input line 341.
(pdftex.def)             Requested size: 384.1096pt x 295.38014pt.

LaTeX Warning: `!h' float specifier changed to `!ht'.

<images/malla_variable_DNI_800.png, id=487, 515.67656pt x 356.0803pt>
File: images/malla_variable_DNI_800.png Graphic file (type png)
<use images/malla_variable_DNI_800.png>
Package pdftex.def Info: images/malla_variable_DNI_800.png  used on input line 
348.
(pdftex.def)             Requested size: 384.1096pt x 265.2394pt.

LaTeX Warning: `!h' float specifier changed to `!ht'.

<images/desviacionmodel4malla.png, id=488, 474.27188pt x 324.46219pt>
File: images/desviacionmodel4malla.png Graphic file (type png)
<use images/desviacionmodel4malla.png>
Package pdftex.def Info: images/desviacionmodel4malla.png  used on input line 3
55.
(pdftex.def)             Requested size: 384.1096pt x 262.78816pt.

LaTeX Warning: `!h' float specifier changed to `!ht'.

<images/desviacionmodel1malla.png, id=489, 474.27188pt x 324.46219pt>
File: images/desviacionmodel1malla.png Graphic file (type png)
<use images/desviacionmodel1malla.png>
Package pdftex.def Info: images/desviacionmodel1malla.png  used on input line 3
61.
(pdftex.def)             Requested size: 384.1096pt x 262.78816pt.

LaTeX Warning: `!h' float specifier changed to `!ht'.

<images/desviacionmodelsimplificadomalla.png, id=490, 474.27188pt x 324.46219pt
>
File: images/desviacionmodelsimplificadomalla.png Graphic file (type png)
<use images/desviacionmodelsimplificadomalla.png>
Package pdftex.def Info: images/desviacionmodelsimplificadomalla.png  used on i
nput line 367.
(pdftex.def)             Requested size: 384.1096pt x 262.78816pt.

LaTeX Warning: `!h' float specifier changed to `!ht'.

[57]

LaTeX Warning: Text page 58 contains only floats.

[58 <C:/Users/paco/0_TFG/tfg/images/resultados_test2a.png> <C:/Users/paco/0_TFG
/tfg/images/temperaturas_modelos.png>] [59]

LaTeX Warning: Text page 60 contains only floats.

[60] [61 <C:/Users/paco/0_TFG/tfg/images/caudales_modelos.png> <C:/Users/paco/0
_TFG/tfg/images/potencias_modelos.png>]

LaTeX Warning: Text page 62 contains only floats.

[62] [63 <C:/Users/paco/0_TFG/tfg/images/rendimientos_modelos.png> <C:/Users/pa
co/0_TFG/tfg/images/malla0405.png>]
<images/fotoAstes.png, id=534, 837.88031pt x 634.62094pt>
File: images/fotoAstes.png Graphic file (type png)
<use images/fotoAstes.png>
Package pdftex.def Info: images/fotoAstes.png  used on input line 382.
(pdftex.def)             Requested size: 384.1096pt x 290.92209pt.


LaTeX Warning: `!h' float specifier changed to `!ht'.

[64 <C:/Users/paco/0_TFG/tfg/images/malla4860.png>]

LaTeX Warning: Reference `fig:refelectividad' on page 65 undefined on input lin
e 404.

<images/reflectividad.png, id=540, 463.7325pt x 357.58594pt>
File: images/reflectividad.png Graphic file (type png)
<use images/reflectividad.png>
Package pdftex.def Info: images/reflectividad.png  used on input line 408.
(pdftex.def)             Requested size: 384.1096pt x 296.19604pt.

LaTeX Warning: `!h' float specifier changed to `!ht'.

[65 <C:/Users/paco/0_TFG/tfg/images/malla7290.png>]

LaTeX Warning: Text page 66 contains only floats.

[66 <C:/Users/paco/0_TFG/tfg/images/malla14580.png> <C:/Users/paco/0_TFG/tfg/im
ages/malla_variable_DNI_800.png>]

LaTeX Warning: Text page 67 contains only floats.


Overfull \vbox (1.19327pt too high) has occurred while \output is active []


[67 <C:/Users/paco/0_TFG/tfg/images/desviacionmodel4malla.png> <C:/Users/paco/0
_TFG/tfg/images/desviacionmodel1malla.png>]

LaTeX Warning: Text page 68 contains only floats.

[68 <C:/Users/paco/0_TFG/tfg/images/desviacionmodelsimplificadomalla.png> <C:/U
sers/paco/0_TFG/tfg/images/fotoAstes.png>]

LaTeX Warning: Reference `fig:potencia_1b' on page 69 undefined on input line 4
17.


LaTeX Warning: Reference `fig:temperatura_1b' on page 69 undefined on input lin
e 417.

[69 <C:/Users/paco/0_TFG/tfg/images/reflectividad.png>]
<images/potencia_aste1b_01052016.png, id=570, 496.10344pt x 298.86656pt>
File: images/potencia_aste1b_01052016.png Graphic file (type png)
<use images/potencia_aste1b_01052016.png>
Package pdftex.def Info: images/potencia_aste1b_01052016.png  used on input lin
e 420.
(pdftex.def)             Requested size: 384.1096pt x 231.40028pt.
<images/caudal_aste1b_01052016.png, id=571, 496.10344pt x 298.86656pt>
File: images/caudal_aste1b_01052016.png Graphic file (type png)
<use images/caudal_aste1b_01052016.png>
Package pdftex.def Info: images/caudal_aste1b_01052016.png  used on input line 
426.
(pdftex.def)             Requested size: 384.1096pt x 231.40028pt.
<images/temperatura_aste1b_01052016.png, id=572, 496.10344pt x 298.86656pt>
File: images/temperatura_aste1b_01052016.png Graphic file (type png)
<use images/temperatura_aste1b_01052016.png>
Package pdftex.def Info: images/temperatura_aste1b_01052016.png  used on input 
line 432.
(pdftex.def)             Requested size: 384.1096pt x 231.40028pt.


LaTeX Warning: `!h' float specifier changed to `!ht'.


LaTeX Warning: Command \textordmasculine invalid in math mode on input line 437
.


LaTeX Warning: Command \textordmasculine invalid in math mode on input line 437
.

Missing character: There is no º in font txr!
[70 <C:/Users/paco/0_TFG/tfg/images/potencia_aste1b_01052016.png> <C:/Users/pac
o/0_TFG/tfg/images/caudal_aste1b_01052016.png>]

LaTeX Warning: Reference `subclases-fluid' on page 71 undefined on input line 4
39.

<images/potencia_dni_aste1b.png, id=579, 444.91219pt x 494.59781pt>
File: images/potencia_dni_aste1b.png Graphic file (type png)
<use images/potencia_dni_aste1b.png>
Package pdftex.def Info: images/potencia_dni_aste1b.png  used on input line 444
.
(pdftex.def)             Requested size: 384.1096pt x 427.00613pt.
[71 <C:/Users/paco/0_TFG/tfg/images/temperatura_aste1b_01052016.png>]) [72 <C:/
Users/paco/0_TFG/tfg/images/potencia_dni_aste1b.png>] [73]
Package csquotes Info: Disabling multilingual quotes on input line 328.


Package csquotes Warning: Quote style 'british/english' not defined.
(csquotes)                Ignoring command on input line 328.


LaTeX Warning: Empty bibliography on input line 329.


Package caption Warning: Unused \captionsetup[lstlisting] on input line 170.
See the caption package documentation for explanation.


Package longtable Warning: Table widths have changed. Rerun LaTeX.

Package atveryend Info: Empty hook `BeforeClearDocument' on input line 354.
[1


]
Package atveryend Info: Empty hook `AfterLastShipout' on input line 354.
 (TFG.aux
LaTeX Info: Redefining \. on input line 31.
LaTeX Info: Redefining \% on input line 31.
)
Package atveryend Info: Executing hook `AtVeryEndDocument' on input line 354.
Package atveryend Info: Executing hook `AtEndAfterFileList' on input line 354.


Package rerunfilecheck Warning: File `TFG.out' has changed.
(rerunfilecheck)                Rerun to get outlines right
(rerunfilecheck)                or use package `bookmark'.

Package rerunfilecheck Info: Checksums for `TFG.out':
(rerunfilecheck)             Before: <no file>
(rerunfilecheck)             After:  474524915B33D4C4C1B4CC60EB0CA240;4155.

LaTeX Warning: There were undefined references.


LaTeX Warning: Label(s) may have changed. Rerun to get cross-references right.


Package biblatex Warning: Please (re)run BibTeX on the file(s):
(biblatex)                TFG
(biblatex)                and rerun LaTeX afterwards.

Package logreq Info: Writing requests to 'TFG.run.xml'.
\openout1 = `TFG.run.xml'.

Package atveryend Info: Empty hook `AtVeryVeryEnd' on input line 354.
 ) 
Here is how much of TeX's memory you used:
 28303 strings out of 480761
 443104 string characters out of 2904058
 965245 words of memory out of 3000000
 43580 multiletter control sequences out of 15000+200000
 610304 words of font info for 130 fonts, out of 3000000 for 9000
 1141 hyphenation exceptions out of 8191
 45i,22n,54p,1970b,2341s stack positions out of 5000i,500n,10000p,200000b,50000s
{C:/Program Files/MiKTeX 2.9/fonts/enc/dvips/base/8r.enc}<C:/Program Files/Mi
KTeX 2.9/fonts/type1/public/txfonts/rtcxr.pfb><C:/Program Files/MiKTeX 2.9/font
s/type1/public/txfonts/rtxb.pfb><C:/Program Files/MiKTeX 2.9/fonts/type1/public
/txfonts/rtxi.pfb><C:/Program Files/MiKTeX 2.9/fonts/type1/public/txfonts/rtxmi
.pfb><C:/Program Files/MiKTeX 2.9/fonts/type1/public/txfonts/rtxr.pfb><C:/Progr
am Files/MiKTeX 2.9/fonts/type1/public/txfonts/rtxsc.pfb><C:/Program Files/MiKT
eX 2.9/fonts/type1/public/txfonts/t1xtt.pfb><C:/Program Files/MiKTeX 2.9/fonts/
type1/public/txfonts/txex.pfb><C:/Program Files/MiKTeX 2.9/fonts/type1/public/t
xfonts/txsy.pfb><C:/Program Files/MiKTeX 2.9/fonts/type1/urw/helvetic/uhvb8a.pf
b><C:/Program Files/MiKTeX 2.9/fonts/type1/urw/helvetic/uhvr8a.pfb><C:/Program 
Files/MiKTeX 2.9/fonts/type1/urw/helvetic/uhvr8a.pfb><C:/Program Files/MiKTeX 2
.9/fonts/type1/urw/times/utmb8a.pfb><C:/Program Files/MiKTeX 2.9/fonts/type1/ur
w/times/utmr8a.pfb><C:/Program Files/MiKTeX 2.9/fonts/type1/urw/times/utmri8a.p
fb>
Output written on TFG.pdf (87 pages, 13375717 bytes).
PDF statistics:
 718 PDF objects out of 1000 (max. 8388607)
 240 named destinations out of 1000 (max. 500000)
 253 words of extra memory for PDF output out of 10000 (max. 10000000)

