This is pdfTeX, Version 3.14159265-2.6-1.40.21 (MiKTeX 2.9.7440 64-bit) (preloaded format=pdflatex 2020.5.31)  13 JUN 2020 18:11
entering extended mode
**C:/Users/paco/0_TFG/tfg/TFG_rev01.tex
(C:/Users/paco/0_TFG/tfg/TFG_rev01.tex
LaTeX2e <2020-02-02> patch level 5
L3 programming layer <2020-05-15>
("C:\Program Files\MiKTeX 2.9\tex/latex/base\report.cls"
Document Class: report 2019/12/20 v1.4l Standard LaTeX document class
("C:\Program Files\MiKTeX 2.9\tex/latex/base\size12.clo"
File: size12.clo 2019/12/20 v1.4l Standard LaTeX file (size option)
)
\c@part=\count167
\c@chapter=\count168
\c@section=\count169
\c@subsection=\count170
\c@subsubsection=\count171
\c@paragraph=\count172
\c@subparagraph=\count173
\c@figure=\count174
\c@table=\count175
\abovecaptionskip=\skip47
\belowcaptionskip=\skip48
\bibindent=\dimen134
)
("C:\Program Files\MiKTeX 2.9\tex/latex/geometry\geometry.sty"
Package: geometry 2020/01/02 v5.9 Page Geometry

("C:\Program Files\MiKTeX 2.9\tex/latex/graphics\keyval.sty"
Package: keyval 2014/10/28 v1.15 key=value parser (DPC)
\KV@toks@=\toks15
)
("C:\Program Files\MiKTeX 2.9\tex/latex/iftex\ifvtex.sty"
Package: ifvtex 2019/10/25 v1.7 ifvtex legacy package. Use iftex instead.

("C:\Program Files\MiKTeX 2.9\tex/latex/iftex\iftex.sty"
Package: iftex 2020/03/06 v1.0d TeX engine tests
))
\Gm@cnth=\count176
\Gm@cntv=\count177
\c@Gm@tempcnt=\count178
\Gm@bindingoffset=\dimen135
\Gm@wd@mp=\dimen136
\Gm@odd@mp=\dimen137
\Gm@even@mp=\dimen138
\Gm@layoutwidth=\dimen139
\Gm@layoutheight=\dimen140
\Gm@layouthoffset=\dimen141
\Gm@layoutvoffset=\dimen142
\Gm@dimlist=\toks16

("C:\Program Files\MiKTeX 2.9\tex/latex/geometry\geometry.cfg"))
("C:\Program Files\MiKTeX 2.9\tex/latex/enumitem\enumitem.sty"
Package: enumitem 2019/06/20 v3.9 Customized lists
\labelindent=\skip49
\enit@outerparindent=\dimen143
\enit@toks=\toks17
\enit@inbox=\box45
\enit@count@id=\count179
\enitdp@description=\count180
)
("C:\Program Files\MiKTeX 2.9\tex/latex/xcolor\xcolor.sty"
Package: xcolor 2016/05/11 v2.12 LaTeX color extensions (UK)

("C:\Program Files\MiKTeX 2.9\tex/latex/graphics-cfg\color.cfg"
File: color.cfg 2016/01/02 v1.6 sample color configuration
)
Package xcolor Info: Driver file: pdftex.def on input line 225.

("C:\Program Files\MiKTeX 2.9\tex/latex/graphics-def\pdftex.def"
File: pdftex.def 2018/01/08 v1.0l Graphics/color driver for pdftex
)
("C:\Program Files\MiKTeX 2.9\tex/latex/colortbl\colortbl.sty"
Package: colortbl 2020/01/04 v1.0e Color table columns (DPC)

("C:\Program Files\MiKTeX 2.9\tex/latex/tools\array.sty"
Package: array 2019/08/31 v2.4l Tabular extension package (FMi)
\col@sep=\dimen144
\ar@mcellbox=\box46
\extrarowheight=\dimen145
\NC@list=\toks18
\extratabsurround=\skip50
\backup@length=\skip51
\ar@cellbox=\box47
)
\everycr=\toks19
\minrowclearance=\skip52
)
\rownum=\count181
Package xcolor Info: Model `cmy' substituted by `cmy0' on input line 1348.
Package xcolor Info: Model `hsb' substituted by `rgb' on input line 1352.
Package xcolor Info: Model `RGB' extended on input line 1364.
Package xcolor Info: Model `HTML' substituted by `rgb' on input line 1366.
Package xcolor Info: Model `Hsb' substituted by `hsb' on input line 1367.
Package xcolor Info: Model `tHsb' substituted by `hsb' on input line 1368.
Package xcolor Info: Model `HSB' substituted by `hsb' on input line 1369.
Package xcolor Info: Model `Gray' substituted by `gray' on input line 1370.
Package xcolor Info: Model `wave' substituted by `hsb' on input line 1371.
)
("C:\Program Files\MiKTeX 2.9\tex/latex/pdfx\pdfx.sty"
Package: pdfx 2019/02/27 v1.6.3 PDF/X and PDF/A support (CVR/HTH/RRM/PS)
\pdfx@minorversion=\count182

("C:\Program Files\MiKTeX 2.9\tex/latex/iftex\ifpdf.sty"
Package: ifpdf 2019/10/25 v3.4 ifpdf legacy package. Use iftex instead.
)
("C:\Program Files\MiKTeX 2.9\tex/latex/iftex\ifxetex.sty"
Package: ifxetex 2019/10/25 v0.7 ifxetex legacy package. Use iftex instead.
)
("C:\Program Files\MiKTeX 2.9\tex/latex/ms\everyshi.sty"
Package: everyshi 2001/05/15 v3.00 EveryShipout Package (MS)
)
("C:\Program Files\MiKTeX 2.9\tex/latex/iftex\ifluatex.sty"
Package: ifluatex 2019/10/25 v1.5 ifluatex legacy package. Use iftex instead.
){C:/Users/paco/AppData/Local/MiKTeX/2.9/pdftex/config/pdftex.map}
("C:\Program Files\MiKTeX 2.9\tex/latex/base\inputenc.sty"
Package: inputenc 2018/08/11 v1.3c Input encoding file
\inpenc@prehook=\toks20
\inpenc@posthook=\toks21
)
("C:\Program Files\MiKTeX 2.9\tex/latex/pdfx\l8u-penc.def"
File: l8u-penc.def 2017/06/23 v0.8 Custom LaTeX file, for UTF8 encoded letters 
and symbols
LaTeX Info: Composite with undeclared \b in encoding L8U on input line 278.
)
\pdfxsafeforxmp@toks=\toks22
\pdfx@tmptoks=\toks23

("C:\Program Files\MiKTeX 2.9\tex/latex/hyperref\hyperref.sty"
Package: hyperref 2020-05-15 v7.00e Hypertext links for LaTeX

("C:\Program Files\MiKTeX 2.9\tex/generic/ltxcmds\ltxcmds.sty"
Package: ltxcmds 2019/12/15 v1.24 LaTeX kernel commands for general use (HO)
)
("C:\Program Files\MiKTeX 2.9\tex/latex/pdftexcmds\pdftexcmds.sty"
Package: pdftexcmds 2019/11/24 v0.31 Utility functions of pdfTeX for LuaTeX (HO
)

("C:\Program Files\MiKTeX 2.9\tex/generic/infwarerr\infwarerr.sty"
Package: infwarerr 2019/12/03 v1.5 Providing info/warning/error messages (HO)
)
Package pdftexcmds Info: \pdf@primitive is available.
Package pdftexcmds Info: \pdf@ifprimitive is available.
Package pdftexcmds Info: \pdfdraftmode found.
)
("C:\Program Files\MiKTeX 2.9\tex/generic/kvsetkeys\kvsetkeys.sty"
Package: kvsetkeys 2019/12/15 v1.18 Key value parser (HO)
)
("C:\Program Files\MiKTeX 2.9\tex/generic/kvdefinekeys\kvdefinekeys.sty"
Package: kvdefinekeys 2019-12-19 v1.6 Define keys (HO)
)
("C:\Program Files\MiKTeX 2.9\tex/generic/pdfescape\pdfescape.sty"
Package: pdfescape 2019/12/09 v1.15 Implements pdfTeX's escape features (HO)
)
("C:\Program Files\MiKTeX 2.9\tex/latex/hycolor\hycolor.sty"
Package: hycolor 2020-01-27 v1.10 Color options for hyperref/bookmark (HO)
)
("C:\Program Files\MiKTeX 2.9\tex/latex/letltxmacro\letltxmacro.sty"
Package: letltxmacro 2019/12/03 v1.6 Let assignment for LaTeX macros (HO)
)
("C:\Program Files\MiKTeX 2.9\tex/latex/auxhook\auxhook.sty"
Package: auxhook 2019-12-17 v1.6 Hooks for auxiliary files (HO)
)
("C:\Program Files\MiKTeX 2.9\tex/latex/kvoptions\kvoptions.sty"
Package: kvoptions 2019/11/29 v3.13 Key value format for package options (HO)
)
\@linkdim=\dimen146
\Hy@linkcounter=\count183
\Hy@pagecounter=\count184

("C:\Program Files\MiKTeX 2.9\tex/latex/hyperref\pd1enc.def"
File: pd1enc.def 2020-05-15 v7.00e Hyperref: PDFDocEncoding definition (HO)
)
("C:\Program Files\MiKTeX 2.9\tex/generic/intcalc\intcalc.sty"
Package: intcalc 2019/12/15 v1.3 Expandable calculations with integers (HO)
)
("C:\Program Files\MiKTeX 2.9\tex/generic/etexcmds\etexcmds.sty"
Package: etexcmds 2019/12/15 v1.7 Avoid name clashes with e-TeX commands (HO)
)
\Hy@SavedSpaceFactor=\count185
Package hyperref Info: Option `pdfa' set `true' on input line 4338.
Package hyperref Info: Hyper figures OFF on input line 4464.
Package hyperref Info: Link nesting OFF on input line 4469.
Package hyperref Info: Hyper index ON on input line 4472.
Package hyperref Info: Plain pages OFF on input line 4479.
Package hyperref Info: Backreferencing OFF on input line 4484.
Package hyperref Info: Implicit mode ON; LaTeX internals redefined.
Package hyperref Info: Bookmarks ON on input line 4717.
\c@Hy@tempcnt=\count186

("C:\Program Files\MiKTeX 2.9\tex/latex/url\url.sty"
\Urlmuskip=\muskip16
Package: url 2013/09/16  ver 3.4  Verb mode for urls, etc.
)
LaTeX Info: Redefining \url on input line 5076.
\XeTeXLinkMargin=\dimen147

("C:\Program Files\MiKTeX 2.9\tex/generic/bitset\bitset.sty"
Package: bitset 2019/12/09 v1.3 Handle bit-vector datatype (HO)

("C:\Program Files\MiKTeX 2.9\tex/generic/bigintcalc\bigintcalc.sty"
Package: bigintcalc 2019/12/15 v1.5 Expandable calculations on big integers (HO
)
))
\Fld@menulength=\count187
\Field@Width=\dimen148
\Fld@charsize=\dimen149
Package hyperref Info: Hyper figures OFF on input line 6347.
Package hyperref Info: Link nesting OFF on input line 6352.
Package hyperref Info: Hyper index ON on input line 6355.
Package hyperref Info: backreferencing OFF on input line 6362.
Package hyperref Info: Link coloring OFF on input line 6367.
Package hyperref Info: Link coloring with OCG OFF on input line 6372.
Package hyperref Info: PDF/A mode ON on input line 6375.
LaTeX Info: Redefining \ref on input line 6417.
LaTeX Info: Redefining \pageref on input line 6421.

("C:\Program Files\MiKTeX 2.9\tex/generic/atbegshi\atbegshi.sty"
Package: atbegshi 2019/12/05 v1.19 At begin shipout hook (HO)
)
\Hy@abspage=\count188
\c@Item=\count189
\c@Hfootnote=\count190
)
Package hyperref Info: Driver: hpdftex.

("C:\Program Files\MiKTeX 2.9\tex/latex/hyperref\hpdftex.def"
File: hpdftex.def 2020-05-15 v7.00e Hyperref driver for pdfTeX

("C:\Program Files\MiKTeX 2.9\tex/latex/atveryend\atveryend.sty"
Package: atveryend 2019-12-11 v1.11 Hooks at the very end of document (HO)
Package atveryend Info: \enddocument detected (standard20110627).
)
\Fld@listcount=\count191
\c@bookmark@seq@number=\count192

("C:\Program Files\MiKTeX 2.9\tex/latex/rerunfilecheck\rerunfilecheck.sty"
Package: rerunfilecheck 2019/12/05 v1.9 Rerun checks for auxiliary files (HO)

("C:\Program Files\MiKTeX 2.9\tex/generic/uniquecounter\uniquecounter.sty"
Package: uniquecounter 2019/12/15 v1.4 Provide unlimited unique counter (HO)
)
Package uniquecounter Info: New unique counter `rerunfilecheck' on input line 2
86.
)
\Hy@SectionHShift=\skip53
)
Package hyperref Info: Option `unicode' set `true' on input line 1463.

("C:\Program Files\MiKTeX 2.9\tex/latex/hyperref\puenc.def"
File: puenc.def 2020-05-15 v7.00e Hyperref: PDF Unicode definition (HO)
)
("C:\Program Files\MiKTeX 2.9\tex/generic/stringenc\stringenc.sty"
Package: stringenc 2019/11/29 v1.12 Convert strings between diff. encodings (HO
)
)
Package hyperref Info: Option `psdextra' set `true' on input line 1465.

("C:\Program Files\MiKTeX 2.9\tex/latex/hyperref\psdextra.def"
File: psdextra.def 2020-05-15 v7.00e Hyperref: Additions to PDF string support
)
("C:\Program Files\MiKTeX 2.9\tex/generic/colorprofiles\colorprofiles.sty"
Package: colorprofiles 2018/11/01 v1.0.1 color profiles for PDF/X and PDF/A sup
port

("C:\Program Files\MiKTeX 2.9\tex/generic/colorprofiles\colorprofiles.tex"))
("C:\Program Files\MiKTeX 2.9\tex/generic/stringenc\se-pdfdoc.def"
File: se-pdfdoc.def 2019/11/29 v1.12 stringenc: PDFDocEncoding
)
("C:\Program Files\MiKTeX 2.9\tex/latex/pdfx\AdobeColorProfiles.tex")
("C:\Program Files\MiKTeX 2.9\tex/latex/pdfx\8bit.def"
File: 8bit.def 2008/03/30 v1.1d Input encoding file
)
** pdfx: No file TFG_rev01.xmpdata . Metadata will be incomplete!
<<sRGB.icc>> ("C:\Program Files\MiKTeX 2.9\tex/latex/pdfx\8bit.def"
File: 8bit.def 2008/03/30 v1.1d Input encoding file
)
Package hyperref Info: Option `unicode' set `true' on input line 2411.
Package hyperref Info: Option `unicode' set `true' on input line 2412.

("C:\Program Files\MiKTeX 2.9\tex/generic/pdftex\glyphtounicode.tex")
("C:\Program Files\MiKTeX 2.9\tex/latex/pdfx\glyphtounicode-cmr.tex")
("C:\Program Files\MiKTeX 2.9\tex/latex/pdfx\glyphtounicode-ntx.tex")
("C:\Program Files\MiKTeX 2.9\tex/latex/base\ifthen.sty"
Package: ifthen 2014/09/29 v1.1c Standard LaTeX ifthen package (DPC)
)
("C:\Program Files\MiKTeX 2.9\tex/latex/xmpincl\xmpincl.sty"
Package: xmpincl 2008/05/10 v2.2 Include XMP data in pdflatex
)
("C:\Program Files\MiKTeX 2.9\tex/latex/pdfx\8bit.def"
File: 8bit.def 2008/03/30 v1.1d Input encoding file
)
Using XMP template file: pdfa.xmp
\xmpinclWrite=\write3
\xmpinclRead=\read2
\openout3 = `pdfa.xmpi'.

<<pdfa.xmpi>>)
Package hyperref Info: Option `colorlinks' set `true' on input line 35.
 ("C:\Program Files\MiKTeX 2.9\tex/latex/amsmath\amsmath.sty"
Package: amsmath 2020/01/20 v2.17e AMS math features
\@mathmargin=\skip54

For additional information on amsmath, use the `?' option.
("C:\Program Files\MiKTeX 2.9\tex/latex/amsmath\amstext.sty"
Package: amstext 2000/06/29 v2.01 AMS text

("C:\Program Files\MiKTeX 2.9\tex/latex/amsmath\amsgen.sty"
File: amsgen.sty 1999/11/30 v2.0 generic functions
\@emptytoks=\toks24
\ex@=\dimen150
))
("C:\Program Files\MiKTeX 2.9\tex/latex/amsmath\amsbsy.sty"
Package: amsbsy 1999/11/29 v1.2d Bold Symbols
\pmbraise@=\dimen151
)
("C:\Program Files\MiKTeX 2.9\tex/latex/amsmath\amsopn.sty"
Package: amsopn 2016/03/08 v2.02 operator names
)
\inf@bad=\count193
LaTeX Info: Redefining \frac on input line 227.
\uproot@=\count194
\leftroot@=\count195
LaTeX Info: Redefining \overline on input line 389.
\classnum@=\count196
\DOTSCASE@=\count197
LaTeX Info: Redefining \ldots on input line 486.
LaTeX Info: Redefining \dots on input line 489.
LaTeX Info: Redefining \cdots on input line 610.
\Mathstrutbox@=\box48
\strutbox@=\box49
\big@size=\dimen152
LaTeX Font Info:    Redeclaring font encoding OML on input line 733.
LaTeX Font Info:    Redeclaring font encoding OMS on input line 734.
\macc@depth=\count198
\c@MaxMatrixCols=\count199
\dotsspace@=\muskip17
\c@parentequation=\count266
\dspbrk@lvl=\count267
\tag@help=\toks25
\row@=\count268
\column@=\count269
\maxfields@=\count270
\andhelp@=\toks26
\eqnshift@=\dimen153
\alignsep@=\dimen154
\tagshift@=\dimen155
\tagwidth@=\dimen156
\totwidth@=\dimen157
\lineht@=\dimen158
\@envbody=\toks27
\multlinegap=\skip55
\multlinetaggap=\skip56
\mathdisplay@stack=\toks28
LaTeX Info: Redefining \[ on input line 2859.
LaTeX Info: Redefining \] on input line 2860.
)
("C:\Program Files\MiKTeX 2.9\tex/latex/amsfonts\amssymb.sty"
Package: amssymb 2013/01/14 v3.01 AMS font symbols

("C:\Program Files\MiKTeX 2.9\tex/latex/amsfonts\amsfonts.sty"
Package: amsfonts 2013/01/14 v3.01 Basic AMSFonts support
\symAMSa=\mathgroup4
\symAMSb=\mathgroup5
LaTeX Font Info:    Redeclaring math symbol \hbar on input line 98.
LaTeX Font Info:    Overwriting math alphabet `\mathfrak' in version `bold'
(Font)                  U/euf/m/n --> U/euf/b/n on input line 106.
))
("C:\Program Files\MiKTeX 2.9\tex/latex/amscls\amsthm.sty"
Package: amsthm 2020/05/21 v2.20.5
\thm@style=\toks29
\thm@bodyfont=\toks30
\thm@headfont=\toks31
\thm@notefont=\toks32
\thm@headpunct=\toks33
\thm@preskip=\skip57
\thm@postskip=\skip58
\thm@headsep=\skip59
\dth@everypar=\toks34
)
("C:\Program Files\MiKTeX 2.9\tex/latex/txfonts\txfonts.sty"
Package: txfonts 2008/01/22 v3.2.1
LaTeX Font Info:    Redeclaring symbol font `operators' on input line 21.
LaTeX Font Info:    Overwriting symbol font `operators' in version `normal'
(Font)                  OT1/cmr/m/n --> OT1/txr/m/n on input line 21.
LaTeX Font Info:    Overwriting symbol font `operators' in version `bold'
(Font)                  OT1/cmr/bx/n --> OT1/txr/m/n on input line 21.
LaTeX Font Info:    Overwriting symbol font `operators' in version `bold'
(Font)                  OT1/txr/m/n --> OT1/txr/bx/n on input line 22.
\symitalic=\mathgroup6
LaTeX Font Info:    Overwriting symbol font `italic' in version `bold'
(Font)                  OT1/txr/m/it --> OT1/txr/bx/it on input line 26.
LaTeX Font Info:    Redeclaring math alphabet \mathbf on input line 29.
LaTeX Font Info:    Overwriting math alphabet `\mathbf' in version `normal'
(Font)                  OT1/cmr/bx/n --> OT1/txr/bx/n on input line 29.
LaTeX Font Info:    Overwriting math alphabet `\mathbf' in version `bold'
(Font)                  OT1/cmr/bx/n --> OT1/txr/bx/n on input line 29.
LaTeX Font Info:    Redeclaring math alphabet \mathit on input line 30.
LaTeX Font Info:    Overwriting math alphabet `\mathit' in version `normal'
(Font)                  OT1/cmr/m/it --> OT1/txr/m/it on input line 30.
LaTeX Font Info:    Overwriting math alphabet `\mathit' in version `bold'
(Font)                  OT1/cmr/bx/it --> OT1/txr/m/it on input line 30.
LaTeX Font Info:    Overwriting math alphabet `\mathit' in version `bold'
(Font)                  OT1/txr/m/it --> OT1/txr/bx/it on input line 31.
LaTeX Font Info:    Redeclaring math alphabet \mathsf on input line 40.
LaTeX Font Info:    Overwriting math alphabet `\mathsf' in version `normal'
(Font)                  OT1/cmss/m/n --> OT1/txss/m/n on input line 40.
LaTeX Font Info:    Overwriting math alphabet `\mathsf' in version `bold'
(Font)                  OT1/cmss/bx/n --> OT1/txss/m/n on input line 40.
LaTeX Font Info:    Overwriting math alphabet `\mathsf' in version `bold'
(Font)                  OT1/txss/m/n --> OT1/txss/b/n on input line 41.
LaTeX Font Info:    Redeclaring math alphabet \mathtt on input line 50.
LaTeX Font Info:    Overwriting math alphabet `\mathtt' in version `normal'
(Font)                  OT1/cmtt/m/n --> OT1/txtt/m/n on input line 50.
LaTeX Font Info:    Overwriting math alphabet `\mathtt' in version `bold'
(Font)                  OT1/cmtt/m/n --> OT1/txtt/m/n on input line 50.
LaTeX Font Info:    Overwriting math alphabet `\mathtt' in version `bold'
(Font)                  OT1/txtt/m/n --> OT1/txtt/b/n on input line 51.
LaTeX Font Info:    Redeclaring symbol font `letters' on input line 58.
LaTeX Font Info:    Overwriting symbol font `letters' in version `normal'
(Font)                  OML/cmm/m/it --> OML/txmi/m/it on input line 58.
LaTeX Font Info:    Overwriting symbol font `letters' in version `bold'
(Font)                  OML/cmm/b/it --> OML/txmi/m/it on input line 58.
LaTeX Font Info:    Overwriting symbol font `letters' in version `bold'
(Font)                  OML/txmi/m/it --> OML/txmi/bx/it on input line 59.
\symlettersA=\mathgroup7
LaTeX Font Info:    Overwriting symbol font `lettersA' in version `bold'
(Font)                  U/txmia/m/it --> U/txmia/bx/it on input line 67.
LaTeX Font Info:    Redeclaring math alphabet \mathfrak on input line 70.
LaTeX Font Info:    Redeclaring symbol font `symbols' on input line 77.
LaTeX Font Info:    Overwriting symbol font `symbols' in version `normal'
(Font)                  OMS/cmsy/m/n --> OMS/txsy/m/n on input line 77.
LaTeX Font Info:    Overwriting symbol font `symbols' in version `bold'
(Font)                  OMS/cmsy/b/n --> OMS/txsy/m/n on input line 77.
LaTeX Font Info:    Overwriting symbol font `symbols' in version `bold'
(Font)                  OMS/txsy/m/n --> OMS/txsy/bx/n on input line 78.
LaTeX Font Info:    Redeclaring symbol font `AMSa' on input line 93.
LaTeX Font Info:    Overwriting symbol font `AMSa' in version `normal'
(Font)                  U/msa/m/n --> U/txsya/m/n on input line 93.
LaTeX Font Info:    Overwriting symbol font `AMSa' in version `bold'
(Font)                  U/msa/m/n --> U/txsya/m/n on input line 93.
LaTeX Font Info:    Overwriting symbol font `AMSa' in version `bold'
(Font)                  U/txsya/m/n --> U/txsya/bx/n on input line 94.
LaTeX Font Info:    Redeclaring symbol font `AMSb' on input line 102.
LaTeX Font Info:    Overwriting symbol font `AMSb' in version `normal'
(Font)                  U/msb/m/n --> U/txsyb/m/n on input line 102.
LaTeX Font Info:    Overwriting symbol font `AMSb' in version `bold'
(Font)                  U/msb/m/n --> U/txsyb/m/n on input line 102.
LaTeX Font Info:    Overwriting symbol font `AMSb' in version `bold'
(Font)                  U/txsyb/m/n --> U/txsyb/bx/n on input line 103.
\symsymbolsC=\mathgroup8
LaTeX Font Info:    Overwriting symbol font `symbolsC' in version `bold'
(Font)                  U/txsyc/m/n --> U/txsyc/bx/n on input line 113.
LaTeX Font Info:    Redeclaring symbol font `largesymbols' on input line 120.
LaTeX Font Info:    Overwriting symbol font `largesymbols' in version `normal'
(Font)                  OMX/cmex/m/n --> OMX/txex/m/n on input line 120.
LaTeX Font Info:    Overwriting symbol font `largesymbols' in version `bold'
(Font)                  OMX/cmex/m/n --> OMX/txex/m/n on input line 120.
LaTeX Font Info:    Overwriting symbol font `largesymbols' in version `bold'
(Font)                  OMX/txex/m/n --> OMX/txex/bx/n on input line 121.
\symlargesymbolsA=\mathgroup9
LaTeX Font Info:    Overwriting symbol font `largesymbolsA' in version `bold'
(Font)                  U/txexa/m/n --> U/txexa/bx/n on input line 129.
LaTeX Font Info:    Redeclaring math symbol \mathsterling on input line 164.
LaTeX Info: Redefining \not on input line 1043.
LaTeX Info: Redefining \textsquare on input line 1063.
LaTeX Info: Redefining \openbox on input line 1064.
)
("C:\Program Files\MiKTeX 2.9\tex/latex/base\fontenc.sty"
Package: fontenc 2020/02/11 v2.0o Standard LaTeX package
LaTeX Font Info:    Trying to load font information for T1+txr on input line 11
2.

("C:\Program Files\MiKTeX 2.9\tex/latex/txfonts\t1txr.fd"
File: t1txr.fd 2000/12/15 v3.1
))
("C:\Program Files\MiKTeX 2.9\tex/latex/base\inputenc.sty"
Package: inputenc 2018/08/11 v1.3c Input encoding file
)
("C:\Program Files\MiKTeX 2.9\tex/generic/babel\babel.sty"
Package: babel 2020/05/13 3.44 The Babel package

("C:\Program Files\MiKTeX 2.9\tex/generic/babel\babel.def"
File: babel.def 2020/05/13 3.44 Babel common definitions
\babel@savecnt=\count271
\U@D=\dimen159
\l@babelnohyphens=\language83

("C:\Program Files\MiKTeX 2.9\tex/generic/babel\txtbabel.def")
\bbl@readstream=\read3
)
\bbl@dirlevel=\count272

*************************************
* Local config file bblopts.cfg used
*
("C:\Program Files\MiKTeX 2.9\tex/latex/arabi\bblopts.cfg"
File: bblopts.cfg 2005/09/08 v0.1 add Arabic and Farsi to "declared" options of
 babel
)
("C:\Program Files\MiKTeX 2.9\tex/latex/babel-spanish\spanish.ldf"
Language: spanish.ldf 2016/03/03 v5.0p Spanish support from the babel system
\es@quottoks=\toks35
\es@quotdepth=\count273
Package babel Info: Making " an active character on input line 561.
Package babel Info: Making . an active character on input line 662.
Package babel Info: Making < an active character on input line 707.
Package babel Info: Making > an active character on input line 707.
))
("C:\Program Files\MiKTeX 2.9\tex/latex/csquotes\csquotes.sty"
Package: csquotes 2019-12-06 v5.2j context-sensitive quotations (JAW)

("C:\Program Files\MiKTeX 2.9\tex/latex/etoolbox\etoolbox.sty"
Package: etoolbox 2019/09/21 v2.5h e-TeX tools for LaTeX (JAW)
\etb@tempcnta=\count274
)
\csq@reset=\count275
\csq@gtype=\count276
\csq@glevel=\count277
\csq@qlevel=\count278
\csq@maxlvl=\count279
\csq@tshold=\count280
\csq@ltx@everypar=\toks36

("C:\Program Files\MiKTeX 2.9\tex/latex/csquotes\csquotes.def"
File: csquotes.def 2019-12-06 v5.2j csquotes generic definitions (JAW)
)
Package csquotes Info: Trying to load configuration file 'csquotes.cfg'...
Package csquotes Info: ... configuration file loaded successfully.

("C:\Program Files\MiKTeX 2.9\tex/latex/csquotes\csquotes.cfg"
File: csquotes.cfg 
)
Package csquotes Info: Option 'babel' depreciated.
(csquotes)             Using 'autostyle'.
Package csquotes Info: Enabling multilingual quotes.
Package csquotes Info: Redefining alias 'spanish' -> 'spanish/spanish'.
)
("C:\Program Files\MiKTeX 2.9\tex/latex/fancyhdr\fancyhdr.sty"
Package: fancyhdr 2019/01/31 v3.10 Extensive control of page headers and footer
s
\f@nch@headwidth=\skip60
\f@nch@O@elh=\skip61
\f@nch@O@erh=\skip62
\f@nch@O@olh=\skip63
\f@nch@O@orh=\skip64
\f@nch@O@elf=\skip65
\f@nch@O@erf=\skip66
\f@nch@O@olf=\skip67
\f@nch@O@orf=\skip68
)
("C:\Program Files\MiKTeX 2.9\tex/latex/titlesec\titlesec.sty"
Package: titlesec 2019/10/16 v2.13 Sectioning titles
\ttl@box=\box50
\beforetitleunit=\skip69
\aftertitleunit=\skip70
\ttl@plus=\dimen160
\ttl@minus=\dimen161
\ttl@toksa=\toks37
\titlewidth=\dimen162
\titlewidthlast=\dimen163
\titlewidthfirst=\dimen164
)
("C:\Program Files\MiKTeX 2.9\tex/latex/titlesec\titletoc.sty"
Package: titletoc 2019/10/16 v2.13 TOC entries
\ttl@leftsep=\dimen165
)
("C:\Program Files\MiKTeX 2.9\tex/latex/multirow\multirow.sty"
Package: multirow 2019/05/31 v2.5 Span multiple rows of a table
\multirow@colwidth=\skip71
\multirow@cntb=\count281
\multirow@dima=\skip72
\bigstrutjot=\dimen166
)
("C:\Program Files\MiKTeX 2.9\tex/latex/caption\caption.sty"
Package: caption 2020/05/10 v3.4j Customizing captions (AR)

("C:\Program Files\MiKTeX 2.9\tex/latex/caption\caption3.sty"
Package: caption3 2020/05/10 v1.11 caption3 kernel (AR)
Package caption3 Info: TeX engine: e-TeX on input line 61.
\captionmargin=\dimen167
\captionmargin@=\dimen168
\captionwidth=\dimen169
\caption@tempdima=\dimen170
\caption@indent=\dimen171
\caption@parindent=\dimen172
\caption@hangindent=\dimen173
Package caption Info: Standard document class detected.
)
\c@caption@flags=\count282
\c@continuedfloat=\count283
Package caption Info: hyperref package is loaded.
)
("C:\Program Files\MiKTeX 2.9\tex/latex/floatrow\floatrow.sty"
Package: floatrow 2008/08/02 v0.3b floatrow: float package extension
\c@float@type=\count284
\float@exts=\toks38
\float@box=\box51
\@floatcapt=\box52
Package floatrow Info: Modified float package code loaded on input line 455.
Package floatrow Info: Modified rotfloat package code loaded on input line 473.

\FR@everyfloat=\toks39
\flrow@foot=\insert252
\FB@wd=\dimen174
\FBo@wd=\dimen175
\FBc@wd=\dimen176
\FBo@ht=\skip73
\FBc@ht=\skip74
\FBf@ht=\skip75
\FBo@max=\skip76
\FBc@max=\skip77
\FBf@max=\skip78
\c@FBl@b=\count285
\floatbox@depth=\count286
\c@FRobj=\count287
\c@FRsobj=\count288
\Xhsize=\skip79
\sXhsize=\skip80
\Zhsize=\skip81
\sZhsize=\skip82
\flrow@rowbox=\box53
\FR@Zunitlength=\dimen177
\c@FBcnt=\count289
\FPOScnt=\count290
\LTleft=\skip83
\LTright=\skip84
\LTleft=\skip85
\LTright=\skip86
\flrow@types=\toks40
)
("C:\Program Files\MiKTeX 2.9\tex/latex/tools\longtable.sty"
Package: longtable 2020/01/07 v4.13 Multi-page Table package (DPC)
\LTleft=\skip87
\LTright=\skip88
\LTpre=\skip89
\LTpost=\skip90
\LTchunksize=\count291
\LTcapwidth=\dimen178
\LT@head=\box54
\LT@firsthead=\box55
\LT@foot=\box56
\LT@lastfoot=\box57
\LT@cols=\count292
\LT@rows=\count293
\c@LT@tables=\count294
\c@LT@chunks=\count295
\LT@p@ftn=\toks41
)
("C:\Program Files\MiKTeX 2.9\tex/latex/graphics\graphicx.sty"
Package: graphicx 2019/11/30 v1.2a Enhanced LaTeX Graphics (DPC,SPQR)

("C:\Program Files\MiKTeX 2.9\tex/latex/graphics\graphics.sty"
Package: graphics 2019/11/30 v1.4a Standard LaTeX Graphics (DPC,SPQR)

("C:\Program Files\MiKTeX 2.9\tex/latex/graphics\trig.sty"
Package: trig 2016/01/03 v1.10 sin cos tan (DPC)
)
("C:\Program Files\MiKTeX 2.9\tex/latex/graphics-cfg\graphics.cfg"
File: graphics.cfg 2016/06/04 v1.11 sample graphics configuration
)
Package graphics Info: Driver file: pdftex.def on input line 105.
)
\Gin@req@height=\dimen179
\Gin@req@width=\dimen180
)
("C:\Program Files\MiKTeX 2.9\tex/latex/chngcntr\chngcntr.sty"
Package: chngcntr 2018/04/09 v1.1a change counter resetting
Package chngcntr Info: \counterwithout already defined.
(chngcntr)             Quitting chngcntr on input line 21.
)
("C:\Program Files\MiKTeX 2.9\tex/latex/listings\listings.sty"
\lst@mode=\count296
\lst@gtempboxa=\box58
\lst@token=\toks42
\lst@length=\count297
\lst@currlwidth=\dimen181
\lst@column=\count298
\lst@pos=\count299
\lst@lostspace=\dimen182
\lst@width=\dimen183
\lst@newlines=\count300
\lst@lineno=\count301
\lst@maxwidth=\dimen184

("C:\Program Files\MiKTeX 2.9\tex/latex/listings\lstmisc.sty"
File: lstmisc.sty 2020/03/24 1.8d (Carsten Heinz)
\c@lstnumber=\count302
\lst@skipnumbers=\count303
\lst@framebox=\box59
)
("C:\Program Files\MiKTeX 2.9\tex/latex/listings\listings.cfg"
File: listings.cfg 2020/03/24 1.8d listings configuration
))
Package: listings 2020/03/24 1.8d (Carsten Heinz)

("C:\Program Files\MiKTeX 2.9\tex/latex/biblatex\biblatex.sty"
Package: biblatex 2019/12/01 v3.14 programmable bibliographies (PK/MW)

("C:\Program Files\MiKTeX 2.9\tex/latex/logreq\logreq.sty"
Package: logreq 2010/08/04 v1.0 xml request logger
\lrq@indent=\count304

("C:\Program Files\MiKTeX 2.9\tex/latex/logreq\logreq.def"
File: logreq.def 2010/08/04 v1.0 logreq spec v1.0
))
\c@tabx@nest=\count305
\c@listtotal=\count306
\c@listcount=\count307
\c@liststart=\count308
\c@liststop=\count309
\c@citecount=\count310
\c@citetotal=\count311
\c@multicitecount=\count312
\c@multicitetotal=\count313
\c@instcount=\count314
\c@maxnames=\count315
\c@minnames=\count316
\c@maxitems=\count317
\c@minitems=\count318
\c@citecounter=\count319
\c@maxcitecounter=\count320
\c@savedcitecounter=\count321
\c@uniquelist=\count322
\c@uniquename=\count323
\c@refsection=\count324
\c@refsegment=\count325
\c@maxextratitle=\count326
\c@maxextratitleyear=\count327
\c@maxextraname=\count328
\c@maxextradate=\count329
\c@maxextraalpha=\count330
\c@abbrvpenalty=\count331
\c@highnamepenalty=\count332
\c@lownamepenalty=\count333
\c@maxparens=\count334
\c@parenlevel=\count335
\blx@tempcnta=\count336
\blx@tempcntb=\count337
\blx@tempcntc=\count338
\blx@maxsection=\count339
\blx@maxsegment@0=\count340
\blx@notetype=\count341
\blx@parenlevel@text=\count342
\blx@parenlevel@foot=\count343
\blx@sectionciteorder@0=\count344
\blx@entrysetcounter=\count345
\labelnumberwidth=\skip91
\labelalphawidth=\skip92
\biblabelsep=\skip93
\bibitemsep=\skip94
\bibnamesep=\skip95
\bibinitsep=\skip96
\bibparsep=\skip97
\bibhang=\skip98
\blx@bcfin=\read4
\blx@bcfout=\write4
\blx@langwohyphens=\language84
\c@mincomprange=\count346
\c@maxcomprange=\count347
\c@mincompwidth=\count348
Package biblatex Info: Trying to load biblatex default data model...
Package biblatex Info: ... file 'blx-dm.def' found.

("C:\Program Files\MiKTeX 2.9\tex/latex/biblatex\blx-dm.def"
File: blx-dm.def 2019/12/01 v3.14 biblatex localization (PK/MW)
)
Package biblatex Info: Trying to load biblatex style data model...
Package biblatex Info: ... file 'ieee.dbx' not found.
Package biblatex Info: Trying to load biblatex custom data model...
Package biblatex Info: ... file 'biblatex-dm.cfg' not found.
\c@afterword=\count349
\c@savedafterword=\count350
\c@annotator=\count351
\c@savedannotator=\count352
\c@author=\count353
\c@savedauthor=\count354
\c@bookauthor=\count355
\c@savedbookauthor=\count356
\c@commentator=\count357
\c@savedcommentator=\count358
\c@editor=\count359
\c@savededitor=\count360
\c@editora=\count361
\c@savededitora=\count362
\c@editorb=\count363
\c@savededitorb=\count364
\c@editorc=\count365
\c@savededitorc=\count366
\c@foreword=\count367
\c@savedforeword=\count368
\c@holder=\count369
\c@savedholder=\count370
\c@introduction=\count371
\c@savedintroduction=\count372
\c@namea=\count373
\c@savednamea=\count374
\c@nameb=\count375
\c@savednameb=\count376
\c@namec=\count377
\c@savednamec=\count378
\c@translator=\count379
\c@savedtranslator=\count380
\c@shortauthor=\count381
\c@savedshortauthor=\count382
\c@shorteditor=\count383
\c@savedshorteditor=\count384
\c@labelname=\count385
\c@savedlabelname=\count386
\c@institution=\count387
\c@savedinstitution=\count388
\c@lista=\count389
\c@savedlista=\count390
\c@listb=\count391
\c@savedlistb=\count392
\c@listc=\count393
\c@savedlistc=\count394
\c@listd=\count395
\c@savedlistd=\count396
\c@liste=\count397
\c@savedliste=\count398
\c@listf=\count399
\c@savedlistf=\count400
\c@location=\count401
\c@savedlocation=\count402
\c@organization=\count403
\c@savedorganization=\count404
\c@origlocation=\count405
\c@savedoriglocation=\count406
\c@origpublisher=\count407
\c@savedorigpublisher=\count408
\c@publisher=\count409
\c@savedpublisher=\count410
\c@language=\count411
\c@savedlanguage=\count412
\c@origlanguage=\count413
\c@savedoriglanguage=\count414
\c@pageref=\count415
\c@savedpageref=\count416
\shorthandwidth=\skip99
\shortjournalwidth=\skip100
\shortserieswidth=\skip101
\shorttitlewidth=\skip102
\shortauthorwidth=\skip103
\shorteditorwidth=\skip104
\locallabelnumberwidth=\skip105
\locallabelalphawidth=\skip106
\localshorthandwidth=\skip107
\localshortjournalwidth=\skip108
\localshortserieswidth=\skip109
\localshorttitlewidth=\skip110
\localshortauthorwidth=\skip111
\localshorteditorwidth=\skip112
Package biblatex Info: Trying to load compatibility code...
Package biblatex Info: ... file 'blx-compat.def' found.

("C:\Program Files\MiKTeX 2.9\tex/latex/biblatex\blx-compat.def"
File: blx-compat.def 2019/12/01 v3.14 biblatex compatibility (PK/MW)
)
Package biblatex Info: Trying to load BibTeX backend compatibility...
Package biblatex Info: ... file 'blx-bibtex.def' found.

("C:\Program Files\MiKTeX 2.9\tex/latex/biblatex\blx-bibtex.def"
File: blx-bibtex.def 2019/12/01 v3.14 biblatex compatibility (PK/MW)


Package biblatex Warning: Using fall-back BibTeX(8) backend:
(biblatex)                functionality may be reduced/unavailable.

)
Package biblatex Info: Trying to load generic definitions...
Package biblatex Info: ... file 'biblatex.def' found.
 ("C:\Program Files\MiKTeX 2.9\tex/latex/biblatex\biblatex.def"
File: biblatex.def 2019/12/01 v3.14 biblatex compatibility (PK/MW)
\c@textcitecount=\count417
\c@textcitetotal=\count418
\c@textcitemaxnames=\count419
\c@biburlbigbreakpenalty=\count420
\c@biburlbreakpenalty=\count421
\c@biburlnumpenalty=\count422
\c@biburlucpenalty=\count423
\c@biburllcpenalty=\count424
\biburlbigskip=\muskip18
\biburlnumskip=\muskip19
\biburlucskip=\muskip20
\biburllcskip=\muskip21
\c@smartand=\count425
)
Package biblatex Info: Trying to load bibliography style 'ieee'...
Package biblatex Info: ... file 'ieee.bbx' found.

("C:\Program Files\MiKTeX 2.9\tex/latex/biblatex-ieee\ieee.bbx"
File: ieee.bbx 2020/02/26 v1.3b biblatex bibliography style
Package biblatex Info: Trying to load bibliography style 'numeric-comp'...
Package biblatex Info: ... file 'numeric-comp.bbx' found.

("C:\Program Files\MiKTeX 2.9\tex/latex/biblatex/bbx\numeric-comp.bbx"
File: numeric-comp.bbx 2019/12/01 v3.14 biblatex bibliography style (PK/MW)
Package biblatex Info: Trying to load bibliography style 'numeric'...
Package biblatex Info: ... file 'numeric.bbx' found.

("C:\Program Files\MiKTeX 2.9\tex/latex/biblatex/bbx\numeric.bbx"
File: numeric.bbx 2019/12/01 v3.14 biblatex bibliography style (PK/MW)
Package biblatex Info: Trying to load bibliography style 'standard'...
Package biblatex Info: ... file 'standard.bbx' found.

("C:\Program Files\MiKTeX 2.9\tex/latex/biblatex/bbx\standard.bbx"
File: standard.bbx 2019/12/01 v3.14 biblatex bibliography style (PK/MW)
\c@bbx:relatedcount=\count426
\c@bbx:relatedtotal=\count427
))))
Package biblatex Info: Trying to load citation style 'ieee'...
Package biblatex Info: ... file 'ieee.cbx' found.

("C:\Program Files\MiKTeX 2.9\tex/latex/biblatex-ieee\ieee.cbx"
File: ieee.cbx 2020/02/26 v1.3b biblatex citation style
Package biblatex Info: Trying to load citation style 'numeric-comp'...
Package biblatex Info: ... file 'numeric-comp.cbx' found.

("C:\Program Files\MiKTeX 2.9\tex/latex/biblatex/cbx\numeric-comp.cbx"
File: numeric-comp.cbx 2019/12/01 v3.14 biblatex citation style (PK/MW)
\c@cbx@tempcnta=\count428
\c@cbx@tempcntb=\count429
Package biblatex Info: Redefining '\cite'.
Package biblatex Info: Redefining '\parencite'.
Package biblatex Info: Redefining '\footcite'.
Package biblatex Info: Redefining '\footcitetext'.
Package biblatex Info: Redefining '\smartcite'.
Package biblatex Info: Redefining '\supercite'.
Package biblatex Info: Redefining '\textcite'.
Package biblatex Info: Redefining '\textcites'.
Package biblatex Info: Redefining '\cites'.
Package biblatex Info: Redefining '\parencites'.
Package biblatex Info: Redefining '\smartcites'.
)
Package biblatex Info: Redefining '\cite'.
Package biblatex Info: Redefining '\cites'.
)
Package biblatex Info: Trying to load configuration file...
Package biblatex Info: ... file 'biblatex.cfg' found.

("C:\Program Files\MiKTeX 2.9\tex/latex/biblatex\biblatex.cfg"
File: biblatex.cfg 
))
Package csquotes Info: Checking for multilingual support...
Package csquotes Info: ... found 'babel' package.

("C:\Program Files\MiKTeX 2.9\tex/latex/l3backend\l3backend-pdfmode.def"
File: l3backend-pdfmode.def 2020-05-05 L3 backend support: PDF mode
\l__kernel_color_stack_int=\count430
\l__pdf_internal_box=\box60
)
No file TFG_rev01.aux.
\openout1 = `TFG_rev01.aux'.

LaTeX Font Info:    Checking defaults for OML/txmi/m/it on input line 192.
LaTeX Font Info:    Trying to load font information for OML+txmi on input line 
192.
("C:\Program Files\MiKTeX 2.9\tex/latex/txfonts\omltxmi.fd"
File: omltxmi.fd 2000/12/15 v3.1
)
LaTeX Font Info:    ... okay on input line 192.
LaTeX Font Info:    Checking defaults for OMS/txsy/m/n on input line 192.
LaTeX Font Info:    Trying to load font information for OMS+txsy on input line 
192.

("C:\Program Files\MiKTeX 2.9\tex/latex/txfonts\omstxsy.fd"
File: omstxsy.fd 2000/12/15 v3.1
)
LaTeX Font Info:    ... okay on input line 192.
LaTeX Font Info:    Checking defaults for OT1/cmr/m/n on input line 192.
LaTeX Font Info:    ... okay on input line 192.
LaTeX Font Info:    Checking defaults for T1/cmr/m/n on input line 192.
LaTeX Font Info:    ... okay on input line 192.
LaTeX Font Info:    Checking defaults for TS1/cmr/m/n on input line 192.
LaTeX Font Info:    ... okay on input line 192.
LaTeX Font Info:    Checking defaults for OMX/txex/m/n on input line 192.
LaTeX Font Info:    Trying to load font information for OMX+txex on input line 
192.

("C:\Program Files\MiKTeX 2.9\tex/latex/txfonts\omxtxex.fd"
File: omxtxex.fd 2000/12/15 v3.1
)
LaTeX Font Info:    ... okay on input line 192.
LaTeX Font Info:    Checking defaults for U/txexa/m/n on input line 192.
LaTeX Font Info:    Trying to load font information for U+txexa on input line 1
92.

("C:\Program Files\MiKTeX 2.9\tex/latex/txfonts\utxexa.fd"
File: utxexa.fd 2000/12/15 v3.1
)
LaTeX Font Info:    ... okay on input line 192.
LaTeX Font Info:    Checking defaults for PD1/pdf/m/n on input line 192.
LaTeX Font Info:    ... okay on input line 192.
LaTeX Font Info:    Checking defaults for PU/pdf/m/n on input line 192.
LaTeX Font Info:    ... okay on input line 192.

*geometry* driver: auto-detecting
*geometry* detected driver: pdftex
*geometry* verbose mode - [ preamble ] result:
* driver: pdftex
* paper: a4paper
* layout: <same size as paper>
* layoutoffset:(h,v)=(0.0pt,0.0pt)
* modes: 
* h-part:(L,W,R)=(85.35826pt, 426.79135pt, 85.35826pt)
* v-part:(T,H,B)=(71.13188pt, 702.78308pt, 71.13188pt)
* \paperwidth=597.50787pt
* \paperheight=845.04684pt
* \textwidth=426.79135pt
* \textheight=702.78308pt
* \oddsidemargin=13.08827pt
* \evensidemargin=13.08827pt
* \topmargin=-38.1381pt
* \headheight=12.0pt
* \headsep=25.0pt
* \topskip=12.0pt
* \footskip=30.0pt
* \marginparwidth=44.0pt
* \marginparsep=10.0pt
* \columnsep=10.0pt
* \skip\footins=10.8pt plus 4.0pt minus 2.0pt
* \hoffset=0.0pt
* \voffset=0.0pt
* \mag=1000
* \@twocolumnfalse
* \@twosidefalse
* \@mparswitchfalse
* \@reversemarginfalse
* (1in=72.27pt=25.4mm, 1cm=28.453pt)

("C:\Program Files\MiKTeX 2.9\tex/context/base/mkii\supp-pdf.mkii"
[Loading MPS to PDF converter (version 2006.09.02).]
\scratchcounter=\count431
\scratchdimen=\dimen185
\scratchbox=\box61
\nofMPsegments=\count432
\nofMParguments=\count433
\everyMPshowfont=\toks43
\MPscratchCnt=\count434
\MPscratchDim=\dimen186
\MPnumerator=\count435
\makeMPintoPDFobject=\count436
\everyMPtoPDFconversion=\toks44
) ("C:\Program Files\MiKTeX 2.9\tex/latex/epstopdf-pkg\epstopdf-base.sty"
Package: epstopdf-base 2020-01-24 v2.11 Base part for package epstopdf

("C:\Program Files\MiKTeX 2.9\tex/latex/grfext\grfext.sty"
Package: grfext 2019/12/03 v1.3 Manage graphics extensions (HO)
)
Package epstopdf-base Info: Redefining graphics rule for `.eps' on input line 4
85.
Package grfext Info: Graphics extension search list:
(grfext)             [.pdf,.png,.jpg,.mps,.jpeg,.jbig2,.jb2,.PDF,.PNG,.JPG,.JPE
G,.JBIG2,.JB2,.eps]
(grfext)             \AppendGraphicsExtensions on input line 504.
)
ABD: EveryShipout initializing macros
\AtBeginShipoutBox=\box62
Package hyperref Info: Link coloring ON on input line 192.

("C:\Program Files\MiKTeX 2.9\tex/latex/hyperref\nameref.sty"
Package: nameref 2019/09/16 v2.46 Cross-referencing by name of section

("C:\Program Files\MiKTeX 2.9\tex/latex/refcount\refcount.sty"
Package: refcount 2019/12/15 v3.6 Data extraction from label references (HO)
)
("C:\Program Files\MiKTeX 2.9\tex/generic/gettitlestring\gettitlestring.sty"
Package: gettitlestring 2019/12/15 v1.6 Cleanup title references (HO)
)
\c@section@level=\count437
)
LaTeX Info: Redefining \ref on input line 192.
LaTeX Info: Redefining \pageref on input line 192.
LaTeX Info: Redefining \nameref on input line 192.
\@outlinefile=\write5
\openout5 = `TFG_rev01.out'.

LaTeX Info: Redefining \. on input line 192.
LaTeX Info: Redefining \% on input line 192.
Package caption Info: Begin \AtBeginDocument code.
Package caption Info: float package is loaded.
Package caption Info: floatrow package is loaded.
Package caption Info: listings package is loaded.
Package caption Info: longtable package is loaded.

("C:\Program Files\MiKTeX 2.9\tex/latex/caption\ltcaption.sty"
Package: ltcaption 2018/08/26 v1.4a longtable captions (AR)
)
Package caption Info: Fixing longtable code of `floatrow' package.
Package caption Info: End \AtBeginDocument code.

("C:\Program Files\MiKTeX 2.9\tex/latex/floatrow\fr-longtable.sty"
Package: fr-longtable 2007/11/28 v0.1b (beta) floatrow: additions for longtable

\flrow@LT@lasthead=\box63
\flrow@LT@prelastfoot=\box64
\c@FBLTpage=\count438
)
\c@lstlisting=\count439
Package biblatex Info: Trying to load language 'spanish'...
Package biblatex Info: ... file 'spanish.lbx' found.

("C:\Program Files\MiKTeX 2.9\tex/latex/biblatex/lbx\spanish.lbx"
File: spanish.lbx 2019/12/01 v3.14 biblatex localization (PK/MW)
)
Package biblatex Info: Input encoding 'utf8' detected.
Package biblatex Info: Automatic encoding selection.
(biblatex)             Assuming data encoding 'utf8'.
Package biblatex Info: Input encoding 'utf8' specified.
Package biblatex Info: Data encoding 'utf8' specified.
(biblatex)             No need to reencode data.
\openout4 = `TFG_rev01-blx.bib'.

Package biblatex Info: Trying to load bibliographic data...
Package biblatex Info: ... file 'TFG_rev01.bbl' not found.

No file TFG_rev01.bbl.
Package biblatex Info: Reference section=0 on input line 192.
Package biblatex Info: Reference segment=0 on input line 192.
LaTeX Font Info:    Trying to load font information for T1+txss on input line 1
99.
("C:\Program Files\MiKTeX 2.9\tex/latex/txfonts\t1txss.fd"
File: t1txss.fd 2000/12/15 v3.1
)
LaTeX Font Info:    Font shape `T1/txss/m/n' will be
(Font)              scaled to size 11.39996pt on input line 199.
<images/logo_ingenieros.png, id=6, 560.0925pt x 266.49562pt>
File: images/logo_ingenieros.png Graphic file (type png)
<use images/logo_ingenieros.png>
Package pdftex.def Info: images/logo_ingenieros.png  used on input line 203.
(pdftex.def)             Requested size: 227.62204pt x 108.30423pt.
LaTeX Font Info:    Font shape `T1/txss/m/n' will be
(Font)              scaled to size 16.41594pt on input line 206.
LaTeX Font Info:    Font shape `T1/txss/m/sl' will be
(Font)              scaled to size 16.41594pt on input line 210.
LaTeX Font Info:    Font shape `T1/txss/m/n' will be
(Font)              scaled to size 23.63593pt on input line 214.
LaTeX Font Info:    Font shape `T1/txss/m/n' will be
(Font)              scaled to size 19.70294pt on input line 218.
<images/creativecommons.png, id=8, 338.76563pt x 118.19156pt>
File: images/creativecommons.png Graphic file (type png)
<use images/creativecommons.png>
Package pdftex.def Info: images/creativecommons.png  used on input line 229.
(pdftex.def)             Requested size: 119.50148pt x 41.69228pt.
LaTeX Font Info:    Font shape `T1/txss/b/n' in size <12> not available
(Font)              Font shape `T1/txss/bx/n' tried instead on input line 230.
LaTeX Font Info:    Font shape `T1/txss/bx/n' will be
(Font)              scaled to size 11.39996pt on input line 230.
 [1

 <C:/Users/paco/0_TFG/tfg/images/logo_ingenieros.png>] [2 <C:/Users/paco/0_TFG/
tfg/images/creativecommons.png>]pdfTeX warning (ext4): destination with the sam
e identifier (name{page.I}) has been already used, duplicate ignored
<to be read again> 
                   \relax 
l.242 \begin{abstract}
                       [1]
LaTeX Font Info:    Font shape `T1/txr/b/n' in size <12> not available
(Font)              Font shape `T1/txr/bx/n' tried instead on input line 242.
LaTeX Font Info:    Font shape `T1/txr/b/n' in size <14.4> not available
(Font)              Font shape `T1/txr/bx/n' tried instead on input line 242.
 [3]pdfTeX warning (ext4): destination with the same identifier (name{page.I}) 
has been already used, duplicate ignored
<to be read again> 
                   \relax 
l.260 \chapter
              *{Dedicatoria} [1] [5

] [6]
\tf@toc=\write6
\openout6 = `TFG_rev01.toc'.

 [7

] [8]
\tf@lof=\write7
\openout7 = `TFG_rev01.lof'.

 [9

] [10]
\tf@lot=\write8
\openout8 = `TFG_rev01.lot'.

 [11

] [12]
(C:/Users/paco/0_TFG/tfg\chapters/ch01.tex
Cap\'{\i }tulo 1.
[1


]

LaTeX Warning: Citation 'islamComprehensiveReviewStateoftheart2018' on page 2 u
ndefined on input line 23.


LaTeX Warning: Citation 'Protermosolar' on page 2 undefined on input line 23.


Overfull \hbox (30.39665pt too wide) in paragraph at lines 23--24
\T1/txr/m/n/12 ope-ra-ción y en cons-truc-ción en to-do el mun-do [].
 []


Overfull \hbox (4.95598pt too wide) in paragraph at lines 23--24
\T1/txr/m/n/12 En Es-pa-ña ac-tual-men-te hay me-dio cen-te-nar de cen-tra-les 
CCP en ope-ra-ción [],
 []

[2] [3] [4]) (C:/Users/paco/0_TFG/tfg\chapters/ch02.tex [5]
Cap\'{\i }tulo 2.
LaTeX Font Info:    Trying to load font information for OT1+txr on input line 4
.
("C:\Program Files\MiKTeX 2.9\tex/latex/txfonts\ot1txr.fd"
File: ot1txr.fd 2000/12/15 v3.1
)
LaTeX Font Info:    Trying to load font information for U+txsya on input line 4
.

("C:\Program Files\MiKTeX 2.9\tex/latex/txfonts\utxsya.fd"
File: utxsya.fd 2000/12/15 v3.1
)
LaTeX Font Info:    Trying to load font information for U+txsyb on input line 4
.

("C:\Program Files\MiKTeX 2.9\tex/latex/txfonts\utxsyb.fd"
File: utxsyb.fd 2000/12/15 v3.1
)
LaTeX Font Info:    Trying to load font information for U+txmia on input line 4
.

("C:\Program Files\MiKTeX 2.9\tex/latex/txfonts\utxmia.fd"
File: utxmia.fd 2000/12/15 v3.1
)
LaTeX Font Info:    Trying to load font information for U+txsyc on input line 4
.

("C:\Program Files\MiKTeX 2.9\tex/latex/txfonts\utxsyc.fd"
File: utxsyc.fd 2000/12/15 v3.1
)

Package hyperref Warning: Token not allowed in a PDF string (Unicode):
(hyperref)                removing `math shift' on input line 4.


Package hyperref Warning: Token not allowed in a PDF string (Unicode):
(hyperref)                removing `superscript' on input line 4.


Package hyperref Warning: Token not allowed in a PDF string (Unicode):
(hyperref)                removing `math shift' on input line 4.


LaTeX Warning: Citation 'barberofresnoDesarrolloModeloTeorico2018' on page 6 un
defined on input line 5.


LaTeX Warning: Reference `eq:balance_receptor' on page 6 undefined on input lin
e 9.


LaTeX Warning: Reference `fig:receptormodelo' on page 6 undefined on input line
 15.


LaTeX Warning: Citation 'barberofresnoDesarrolloModeloTeorico2018' on page 6 un
defined on input line 18.

LaTeX Font Info:    Font shape `T1/txr/b/n' in size <10.95> not available
(Font)              Font shape `T1/txr/bx/n' tried instead on input line 18.

Underfull \hbox (badness 10000) in paragraph at lines 18--18
[][]|\T1/txr/m/n/10.95 Es-que-ma del re-cep-tor em-plea-do pa-ra el mo-de-lo.
 []

<images/receptor_para_modelo.png, id=103, 371.13657pt x 242.40562pt>
File: images/receptor_para_modelo.png Graphic file (type png)
<use images/receptor_para_modelo.png>
Package pdftex.def Info: images/receptor_para_modelo.png  used on input line 19
.
(pdftex.def)             Requested size: 296.90965pt x 193.92474pt.
[6

]

LaTeX Warning: Reference `eq:qabs' on page 7 undefined on input line 24.


LaTeX Warning: Reference `eq:qu' on page 7 undefined on input line 30.


LaTeX Warning: Reference `eq:urec' on page 7 undefined on input line 36.

[7 <C:/Users/paco/0_TFG/tfg/images/receptor_para_modelo.png>]

LaTeX Warning: Reference `eq:qperd' on page 8 undefined on input line 44.


LaTeX Warning: Reference `eq:deltaT' on page 8 undefined on input line 52.

LaTeX Font Info:    Trying to load font information for TS1+txr on input line 5
2.
("C:\Program Files\MiKTeX 2.9\tex/latex/txfonts\ts1txr.fd"
File: ts1txr.fd 2000/12/15 v3.1
)
Underfull \hbox (badness 10000) in paragraph at lines 56--57

 []


LaTeX Warning: Reference `eq:rendimientolocal' on page 8 undefined on input lin
e 58.


LaTeX Warning: Reference `eq:rendimientointegral' on page 8 undefined on input 
line 58.


LaTeX Warning: Reference `eq:etax' on page 8 undefined on input line 68.

[8]

LaTeX Warning: Reference `eq:rendimientonormalizado' on page 9 undefined on inp
ut line 74.


LaTeX Warning: Reference `eq:modelocompleto' on page 9 undefined on input line 
80.


Overfull \hbox (8.60263pt too wide) detected at line 85
\OML/txmi/m/it/12 \OT1/txr/m/n/12 (\OML/txmi/m/it/12 x[]\OT1/txr/m/n/12 ) = []
 \OMS/txsy/m/n/12  []  []   []  []  \OML/txmi/m/it/12 NTU[] \OMS/txsy/m/n/1
2  \OML/txmi/m/it/12 x[] \OMS/txsy/m/n/12   []  []  \OML/txmi/m/it/12 NTU[] 
\OMS/txsy/m/n/12  \OML/txmi/m/it/12 x[]
 []

[9]

LaTeX Warning: Reference `eq:uext' on page 10 undefined on input line 147.


LaTeX Warning: Citation 'barberofresnoDesarrolloModeloTeorico2018' on page 10 u
ndefined on input line 154.


LaTeX Warning: Citation 'burkholderHeatLossTestingSolel2008' on page 10 undefin
ed on input line 154.


LaTeX Warning: Citation 'burkholderHeatLossTesting2009' on page 10 undefined on
 input line 154.


LaTeX Warning: Citation 'kutscherGenerationParabolicTrough2012' on page 10 unde
fined on input line 154.


Overfull \hbox (47.53264pt too wide) in paragraph at lines 154--155
[] \T1/txr/m/n/12 a par-tir de [],
 []

[10]

LaTeX Warning: Reference `eq:primerorden' on page 11 undefined on input line 16
0.


LaTeX Warning: Reference `eq:rendimiento0' on page 11 undefined on input line 1
60.


LaTeX Warning: Reference `eq:rendimiento0aproximado' on page 11 undefined on in
put line 160.


LaTeX Warning: Citation 'hottelEvaluationFlatplateSolar1955' on page 11 undefin
ed on input line 184.

[11]

LaTeX Warning: Reference `eq:modelosimplificado' on page 12 undefined on input 
line 194.


Overfull \hbox (127.17763pt too wide) detected at line 199
\OML/txmi/m/it/12 [] \OT1/txr/m/n/12 = \OML/txmi/m/it/12 F[] \OMS/txsy/m/n/12 
 [] \OT1/txr/m/n/12 = [] \OMS/txsy/m/n/12  []
 []


LaTeX Warning: Citation 'hottelEvaluationFlatplateSolar1955' on page 12 undefin
ed on input line 201.


LaTeX Warning: Citation 'fraidenraichImprovedSolutionsTemperature1997a' on page
 12 undefined on input line 201.


Overfull \hbox (129.3126pt too wide) in paragraph at lines 201--202
\T1/txr/m/n/12 co-mo por ejem-plo en [] o [],
 []

[12]

LaTeX Warning: Reference `eq:ucrit' on page 13 undefined on input line 214.


LaTeX Warning: Reference `eq:qcrit' on page 13 undefined on input line 214.

) (C:/Users/paco/0_TFG/tfg\chapters/ch03.tex [13]
Cap\'{\i }tulo 3.
[14

]
LaTeX Font Info:    Trying to load font information for T1+txtt on input line 2
1.
 ("C:\Program Files\MiKTeX 2.9\tex/latex/txfonts\t1txtt.fd"
File: t1txtt.fd 2000/12/15 v3.1
)
Overfull \hbox (27.85153pt too wide) in paragraph at lines 31--31
|[]\T1/txr/bx/n/12 Clases de-ri-va-das de Mo-del: Cla-se Mo-del-Bar-be-ro4thGra
de, Mo-del-Bar-be-ro1stGrade
 []

[15]

LaTeX Warning: Reference `eq:tro' on page 16 undefined on input line 42.


LaTeX Warning: Reference `eq:qperd' on page 16 undefined on input line 50.


LaTeX Warning: Reference `eq:qperdidassoportes' on page 16 undefined on input l
ine 50.


LaTeX Warning: Reference `eq:qcrit' on page 16 undefined on input line 52.


LaTeX Warning: Reference `eq:ucrit' on page 16 undefined on input line 52.


LaTeX Warning: Reference `eq:f1' on page 16 undefined on input line 54.


LaTeX Warning: Reference `eq:f4' on page 16 undefined on input line 54.


LaTeX Warning: Reference `eq:f0' on page 16 undefined on input line 54.

[16]

LaTeX Warning: Reference `eq:rendimiento0' on page 17 undefined on input line 5
6.


LaTeX Warning: Reference `eq:rendimiento0aproximado' on page 17 undefined on in
put line 56.


LaTeX Warning: Reference `eq:zeta' on page 17 undefined on input line 58.


LaTeX Warning: Reference `eq:g3primadezeta' on page 17 undefined on input line 
58.


LaTeX Warning: Reference `eq:modelocompleto' on page 17 undefined on input line
 60.


LaTeX Warning: Citation '1022085/7TD8VTGL' on page 17 undefined on input line 6
8.


LaTeX Warning: Citation '1022085/CYH3NJEG' on page 17 undefined on input line 6
8.


LaTeX Warning: Reference `eq:primerorden' on page 17 undefined on input line 72
.


LaTeX Warning: Reference `eq:modelosimplificado' on page 17 undefined on input 
line 72.

[17]
Overfull \hbox (2.2426pt too wide) in paragraph at lines 91--94
[]\T1/txr/m/n/12 qlost_brackets = Po-ten-cia ca-lo-rí-fi-ca per-di-da a tra-vés
 de los so-por-tes del HCE $\OT1/txr/m/n/12 (\OML/txmi/m/it/12 W=m[]\OT1/txr/m/
n/12 )$ 
 []

[18]

LaTeX Warning: Reference `eq:krec' on page 19 undefined on input line 112.


LaTeX Warning: Reference `eq:hint' on page 19 undefined on input line 123.


LaTeX Warning: Reference `eq:nug' on page 19 undefined on input line 123.


LaTeX Warning: Reference `eq:urec' on page 19 undefined on input line 138.

[19]

LaTeX Warning: Reference `eq:cg' on page 20 undefined on input line 154.


LaTeX Warning: Reference `eq:rendimientooptico' on page 20 undefined on input l
ine 166.


LaTeX Warning: Reference `eq:rendimientoopticopico' on page 20 undefined on inp
ut line 174.


LaTeX Warning: Reference `eq:rendimientoopticopico' on page 20 undefined on inp
ut line 183.

[20]

LaTeX Warning: Reference `eq:bordes' on page 21 undefined on input line 187.


LaTeX Warning: Reference `eq:sombras' on page 21 undefined on input line 197.


LaTeX Warning: Reference `eq:delta_h' on page 21 undefined on input line 204.


LaTeX Warning: Reference `eq:delta_hvalor' on page 21 undefined on input line 2
11.

[21]

LaTeX Warning: Reference `eq:delta_h' on page 22 undefined on input line 218.


LaTeX Warning: Citation '1022085/XAQ9AM5E' on page 22 undefined on input line 2
20.


LaTeX Warning: Reference `eq:delta_hvalornegativo' on page 22 undefined on inpu
t line 220.


LaTeX Warning: Reference `eq:eext' on page 22 undefined on input line 229.


LaTeX Warning: Citation '1022085/7TD8VTGL' on page 22 undefined on input line 2
37.


LaTeX Warning: Citation '1022085/7TD8VTGL' on page 22 undefined on input line 2
41.

[22]

LaTeX Warning: Reference `eq:qperdidassoportes' on page 23 undefined on input l
ine 243.


LaTeX Warning: Citation '1022085/CYH3NJEG' on page 23 undefined on input line 2
43.

[23] [24]

LaTeX Warning: Reference `eq:iam' on page 25 undefined on input line 279.


LaTeX Warning: Reference `eq:fraccionsolar' on page 25 undefined on input line 
289.


LaTeX Warning: Citation '1022085/95AM6AQN' on page 25 undefined on input line 2
98.


LaTeX Warning: Citation '1022085/GUC54R5I' on page 25 undefined on input line 2
98.

[25] [26] [27] [28]

LaTeX Warning: Reference `eq:polinomiohtf' on page 29 undefined on input line 3
55.


LaTeX Warning: Command \' invalid in math mode on input line 358.

Missing character: There is no á in font txr!
[29]
<images/curva_densidad.png, id=274, 368.1253pt x 224.33812pt>
File: images/curva_densidad.png Graphic file (type png)
<use images/curva_densidad.png>
Package pdftex.def Info: images/curva_densidad.png  used on input line 365.
(pdftex.def)             Requested size: 294.50064pt x 179.47073pt.
<images/curva_viscosidad.png, id=275, 398.99063pt x 241.65282pt>
File: images/curva_viscosidad.png Graphic file (type png)
<use images/curva_viscosidad.png>
Package pdftex.def Info: images/curva_viscosidad.png  used on input line 371.
(pdftex.def)             Requested size: 319.19293pt x 193.32251pt.
<images/curva_conductividad_termica.png, id=276, 399.74344pt x 241.65282pt>
File: images/curva_conductividad_termica.png Graphic file (type png)
<use images/curva_conductividad_termica.png>
Package pdftex.def Info: images/curva_conductividad_termica.png  used on input 
line 377.
(pdftex.def)             Requested size: 319.79517pt x 193.32251pt.
<images/curva_entalpia.png, id=277, 398.99063pt x 241.65282pt>
File: images/curva_entalpia.png Graphic file (type png)
<use images/curva_entalpia.png>
Package pdftex.def Info: images/curva_entalpia.png  used on input line 383.
(pdftex.def)             Requested size: 319.19293pt x 193.32251pt.
<images/curva_temperatura_entalpia.png, id=278, 398.99063pt x 241.65282pt>
File: images/curva_temperatura_entalpia.png Graphic file (type png)
<use images/curva_temperatura_entalpia.png>
Package pdftex.def Info: images/curva_temperatura_entalpia.png  used on input l
ine 389.
(pdftex.def)             Requested size: 319.19293pt x 193.32251pt.


LaTeX Warning: Citation '1022085/C5UIUT2V' on page 30 undefined on input line 3
94.


LaTeX Warning: Citation '1022085/LB9BTEXK' on page 30 undefined on input line 3
94.

[30 <C:/Users/paco/0_TFG/tfg/images/curva_densidad.png> <C:/Users/paco/0_TFG/tf
g/images/curva_viscosidad.png>] [31 <C:/Users/paco/0_TFG/tfg/images/curva_condu
ctividad_termica.png> <C:/Users/paco/0_TFG/tfg/images/curva_entalpia.png> <C:/U
sers/paco/0_TFG/tfg/images/curva_temperatura_entalpia.png>]

Package longtable Warning: Column widths have changed
(longtable)                in table 3.1 on input line 424.

[32]

Package longtable Warning: Column widths have changed
(longtable)                in table 3.2 on input line 455.

[33] [34] [35] [36] [37]

LaTeX Warning: Citation 'freemanSystemAdvisorModel2018' on page 38 undefined on
 input line 538.

[38]

LaTeX Warning: Reference `fig:captura01' on page 39 undefined on input line 549
.

<images/captura_sam_iph01.png, id=334, 825.83531pt x 455.45157pt>
File: images/captura_sam_iph01.png Graphic file (type png)
<use images/captura_sam_iph01.png>
Package pdftex.def Info: images/captura_sam_iph01.png  used on input line 552.
(pdftex.def)             Requested size: 384.1096pt x 211.83838pt.

LaTeX Warning: Reference `fig:captura02' on page 39 undefined on input line 558
.

<images/captura_sam_iph02.png, id=335, 809.27344pt x 246.1697pt>
File: images/captura_sam_iph02.png Graphic file (type png)
<use images/captura_sam_iph02.png>
Package pdftex.def Info: images/captura_sam_iph02.png  used on input line 561.
(pdftex.def)             Requested size: 384.1096pt x 116.84166pt.
[39] [40 <C:/Users/paco/0_TFG/tfg/images/captura_sam_iph01.png> <C:/Users/paco/
0_TFG/tfg/images/captura_sam_iph02.png>]

LaTeX Warning: Reference `fig:captura03' on page 41 undefined on input line 591
.


LaTeX Warning: Reference `fig:capture04' on page 41 undefined on input line 591
.

File: images/captura_sam_iph02.png Graphic file (type png)
<use images/captura_sam_iph02.png>
Package pdftex.def Info: images/captura_sam_iph02.png  used on input line 595.
(pdftex.def)             Requested size: 384.1096pt x 116.84166pt.
<images/captura_sam_iph03.png, id=348, 808.52063pt x 743.02594pt>
File: images/captura_sam_iph03.png Graphic file (type png)
<use images/captura_sam_iph03.png>
Package pdftex.def Info: images/captura_sam_iph03.png  used on input line 601.
(pdftex.def)             Requested size: 384.1096pt x 352.99768pt.
[41] [42 <C:/Users/paco/0_TFG/tfg/images/captura_sam_iph03.png>]

LaTeX Warning: Reference `fig:interface01' on page 43 undefined on input line 6
40.

<images/interface01.png, id=361, 599.99156pt x 490.08093pt>
File: images/interface01.png Graphic file (type png)
<use images/interface01.png>
Package pdftex.def Info: images/interface01.png  used on input line 643.
(pdftex.def)             Requested size: 384.1096pt x 313.75542pt.
[43 <C:/Users/paco/0_TFG/tfg/images/interface01.png>]
<images/interface02.png, id=368, 599.99156pt x 490.08093pt>
File: images/interface02.png Graphic file (type png)
<use images/interface02.png>
Package pdftex.def Info: images/interface02.png  used on input line 651.
(pdftex.def)             Requested size: 384.1096pt x 313.75542pt.


LaTeX Warning: Reference `fig:interface03' on page 44 undefined on input line 6
56.


LaTeX Warning: Reference `subclases-fluid' on page 44 undefined on input line 6
56.

<images/interface03.png, id=369, 599.99156pt x 488.57532pt>
File: images/interface03.png Graphic file (type png)
<use images/interface03.png>
Package pdftex.def Info: images/interface03.png  used on input line 659.
(pdftex.def)             Requested size: 384.1096pt x 312.7915pt.

LaTeX Warning: Reference `fig:interface04' on page 44 undefined on input line 6
64.


LaTeX Warning: Reference `fig:interface05' on page 44 undefined on input line 6
64.

<images/interface04.png, id=370, 599.23875pt x 490.08093pt>
File: images/interface04.png Graphic file (type png)
<use images/interface04.png>
Package pdftex.def Info: images/interface04.png  used on input line 667.
(pdftex.def)             Requested size: 384.1096pt x 314.14427pt.
<images/interface05.png, id=371, 596.2275pt x 461.47406pt>
File: images/interface05.png Graphic file (type png)
<use images/interface05.png>
Package pdftex.def Info: images/interface05.png  used on input line 673.
(pdftex.def)             Requested size: 384.1096pt x 297.29991pt.
[44 <C:/Users/paco/0_TFG/tfg/images/interface02.png>] [45 <C:/Users/paco/0_TFG/
tfg/images/interface03.png> <C:/Users/paco/0_TFG/tfg/images/interface04.png>]

LaTeX Warning: Reference `tab:energia_anual' on page 46 undefined on input line
 685.

[46 <C:/Users/paco/0_TFG/tfg/images/interface05.png>]

Package longtable Warning: Column widths have changed
(longtable)                in table 3.3 on input line 695.


LaTeX Warning: Reference `fig:177caudal' on page 47 undefined on input line 700
.


LaTeX Warning: Reference `fig:177temperatura' on page 47 undefined on input lin
e 700.

<images/177caudal.png, id=394, 613.54219pt x 374.14781pt>
File: images/177caudal.png Graphic file (type png)
<use images/177caudal.png>
Package pdftex.def Info: images/177caudal.png  used on input line 703.
(pdftex.def)             Requested size: 384.1096pt x 234.23572pt.
<images/177temperatura.png, id=395, 613.54219pt x 374.14781pt>
File: images/177temperatura.png Graphic file (type png)
<use images/177temperatura.png>
Package pdftex.def Info: images/177temperatura.png  used on input line 709.
(pdftex.def)             Requested size: 384.1096pt x 234.23572pt.

!pdfTeX error: pdflatex (file C:/Users/paco/0_TFG/tfg/images/177potencia.png): 
libpng: internal error
 ==> Fatal error occurred, no output PDF file produced!
